node   1  (   0,    0) (   3,    3) (   4,    4) (   2,    2) (   0,    0) (   0,    0) (  10,    0) (  10,    1) (  30,   13) (  40,   10)
          (  20,   10) (   0,    4) (  10,    0) (  10,    1) (  30,   13) (  40,   34) (  20,   42) (   0,   20) (  10,    0) (  10,    1)
          (  30,   13) (  40,   34) (  20,   42) (   0,   20) (  10,    0) (  10,    1) (  30,   13) (  40,   34) (  20,   42) (   0,   20)
          (  10,    0) (  10,    1) (  30,   13) (  40,   34) (  20,   42) (   0,   20) (  10,    0) (  10,    1) (  30,   13) (  40,   34)
          (  20,   42) (   0,   20) (  10,    0) (  10,    1) (  30,   13) (  40,   34) (  20,   42) (   0,   20) (  10,    0) (  10,    1)
          (  30,   13) (  38,   34) (  18,   40) (   0,   19) (  10,    1) (   9,    1) (  27,   12) (  35,   26) (  17,   34) (   0,   23)
          (   9,    1) (  10,    1) (  20,   10) (  39,   28) (  26,   35) (   0,   22) (  10,    0) (  10,    1) (  18,    9) (  27,   25)
          (  38,   31) (   0,   24) (   8,    0) (   9,    1) (  27,   10) (  30,   30) (  30,   37) (   0,   18) (   9,    1) (  10,    1)
          (  27,   12) (  37,   29) (  18,   38) (   0,   20) (   9,    2) (   9,    1) (  18,   10) (  46,   31) (  18,   35) (   0,   23)
          (   8,    1) (  10,    1) (  29,   11) (  33,   29) (  19,   35) (   0,   20) (   7,    2) (   0,    0) (  29,    9) (  46,   33)
          (   9,   35) (   0,    0) (   0,    0) (   0,    0) (   0,    0) (   0,    0) (   0,    0) (   0,    0) (   0,    0) (   0,    0)
          (   0,    0) (   0,    0) (   0,    0) (   0,    0) (   0,    0) (   0,    0) (   0,    0) (   0,    0) (   0,    0) (   0,    0)
          (   0,    0) (   0,    0) (   0,    0) (   0,    0) (   0,    0) (   0,    0) (   0,    0) (   0,    0) (   0,    0) (   0,    0)
          (   0,    0) (   0,    0) (   0,    0) (   0,    0) (   0,    0) (   0,    0) (   0,    0) (   0,    0) (   0,    0) (   0,    0)
          (   0,    0) (   0,    0) (   0,    0) (   0,    0) (   0,    0) (   0,    0) (   0,    0) (   0,    0) (   0,    0) (   0,    0)
          (   0,    0) (   0,    0) (   0,    0) (   0,    0) (   0,    0) (   0,    0) (   0,    0) (   0,    0) (   0,    0) (   0,    0)
          (   0,    0) (   0,    0) (   0,    0) (   0,    0) (   0,    0) (   0,    0) (   0,    0) (   0,    0) (   0,    0) (   0,    0)
          (   0,    0) (   0,    0) (   0,    0) (   0,    0) (   0,    0) (   0,    0) (   0,    0) (   0,    0) (   0,    0) (   0,    0)
          (   0,    0) (   0,    0) (   0,    0) (   0,    0) (   0,    0) (   0,    0) (   0,    0) (   0,    0) (   0,    0) (   0,    0)
          (   0,    0) (   0,    0) (   0,    0) (   0,    0) (   0,    0) (   0,    0) (   0,    0) (   0,    0) (   0,    0) (   0,    0)
          (   0,    0) (   0,    0) (   0,    0) (   0,    0) (   0,    0) (   0,    0) (   0,    0) (   0,    0) (   0,    0) (   0,    0)
          (   0,    0) (   0,    0) (   0,    0) (   0,    0) (   0,    0) (   0,    0) (   0,    0) (   0,    0) (   0,    0) (   0,    0)
          (   0,    0) (   0,    0) (   0,    0) (   0,    0) (   0,    0) (   0,    0) (   0,    0) (   0,    0) (   0,    0) (   0,    0)
          (   0,    0) (   0,    0) (   0,    0) (   0,    0) (   0,    0) (   0,    0) (   0,    0) (   0,    0) (   0,    0) (   0,    0)
          (   0,    0) (   0,    0) (   0,    0) (   0,    0) (   0,    0) (   0,    0) (   0,    0) (   0,    0) (   0,    0) (   0,    0)
          (   0,    0) (   0,    0) (   0,    0) (   0,    0) (   0,    0) (   0,    0) (   0,    0) (   0,    0) (   0,    0) (   0,    0)
          (   0,    0) (   0,    0) (   0,    0) (   0,    0) (   0,    0) (   0,    0) (   0,    0) (   0,    0) (   0,    0) (   0,    0)
          (   0,    0) (   0,    0) (   0,    0) (   0,    0) (   0,    0) (   0,    0) (   0,    0) (   0,    0) (   0,    0) (   0,    0)
          (   0,    0) (   0,    0) (   0,    0) (   0,    0) (   0,    0) (   0,    0) (   0,    0) (   0,    0) (   0,    0) (   0,    0)
          (   0,    0) (   0,    0) (   0,    0) (   0,    0) (   0,    0) (   0,    0) (   0,    0) (   0,    0) (   0,    0) (   0,    0)
          (   0,    0) (   0,    0) (   0,    0) (   0,    0) (   0,    0) (   0,    0) (   0,    0) (   0,    0) (   0,    0) (   0,    0)
          (   0,    0) (   0,    0) (   0,    0) (   0,    0) (   0,    0) (   0,    0) (   0,    0) (   0,    0) (   0,    0) (   0,    0)
          (   0,    0) (   0,    0) (   0,    0) (   0,    0) (   0,    0) (   0,    0) (   0,    0) (   0,    0) (   0,    0) (   0,    0)
          (   0,    0) (   0,    0) (   0,    0) (   0,    0) (   0,    0) (   0,    0) (   0,    0) (   0,    0) (   0,    0) (   0,    0)
          (   0,    0) (   0,    0) (   0,    0) (   0,    0) (   0,    0) (   0,    0) (   0,    0) (   0,    0) (   0,    0) (   0,    0)
          (   0,    0) (   0,    0) (   0,    0) (   0,    0) (   0,    0) (   0,    0) (   0,    0) (   0,    0) (   0,    0) (   0,    0)
          (   0,    0) (   0,    0) (   0,    0) (   0,    0) (   0,    0) (   0,    0) (   0,    0) (   0,    0) (   0,    0) (   0,    0)
          (   0,    0) (   0,    0) (   0,    0) (   0,    0) (   0,    0) (   0,    0) (   0,    0) (   0,    0) (   0,    0) (   0,    0)
          (   0,    0) (   0,    0) (   0,    0) (   0,    0) (   0,    0) (   0,    0) (   0,    0) (   0,    0) (   0,    0) (   0,    0)
          (   0,    0) (   0,    0) (   0,    0) (   0,    0) (   0,    0) (   0,    0) (   0,    0) (   0,    0) (   0,    0) (   0,    0)
          (   0,    0) (   0,    0) (   0,    0) (   0,    0) (   0,    0) (   0,    0) (   0,    0) (   0,    0) (   0,    0) (   0,    0)
          (   0,    0) (   0,    0) (   0,    0) (   0,    0) (   0,    0) (   0,    0) (   0,    0) (   0,    0) (   0,    0) (   0,    0)
          (   0,    0) (   0,    0) (   0,    0) (   0,    0) (   0,    0) (   0,    0) (   0,    0) (   0,    0) (   0,    0) (   0,    0)
          (   0,    0) (   0,    0) (   0,    0) (   0,    0) (   0,    0) (   0,    0) (   0,    0) (   0,    0) (   0,    0) (   0,    0)
          (   0,    0) (   0,    0) (   0,    0) (   0,    0) (   0,    0) (   0,    0) (   0,    0) (   0,    0) (   0,    0) (   0,    0)
          (   0,    0) (   0,    0) (   0,    0) (   0,    0) (   0,    0) (   0,    0) (   0,    0) (   0,    0) (   0,    0) (   0,    0)
          (   0,    0) (   0,    0) (   0,    0) (   0,    0) (   0,    0) (   0,    0) (   0,    0) (   0,    0) (   0,    0) (   0,    0)
          (   0,    0) (   0,    0) (   0,    0) (   0,    0) (   0,    0) (   0,    0) (   0,    0) (   0,    0) (   0,    0) (   0,    0)
          (   0,    0) (   0,    0) (   0,    0) (   0,    0) (   0,    0) (   0,    0) (   0,    0) (   0,    0) (   0,    0) (   0,    0)
          (   0,    0) (   0,    0) (   0,    0) (   0,    0) (   0,    0) (   0,    0) (   0,    0) (   0,    0) (   0,    0) (   0,    0)
          (   0,    0) (   0,    0) (   0,    0) (   0,    0) (   0,    0) (   0,    0) (   0,    0) (   0,    0) (   0,    0) (   0,    0)
          (   0,    0) (   0,    0) (   0,    0) (   0,    0) (   0,    0) (   0,    0) (   0,    0) (   0,    0) (   0,    0) (   0,    0)
          (   0,    0) (   0,    0) (   0,    0) (   0,    0) (   0,    0) (   0,    0) (   0,    0) (   0,    0) (   0,    0) (   0,    0)
          (   0,    0) (   0,    0) (   0,    0) (   0,    0) (   0,    0) (   0,    0) (   0,    0) (   0,    0) (   0,    0) (   0,    0)
          (   0,    0) (   0,    0) (   0,    0) (   0,    0) (   0,    0) (   0,    0) (   0,    0) (   0,    0) (   0,    0) (   0,    0)
          (   0,    0) (   0,    0) (   0,    0) (   0,    0) (   0,    0) (   0,    0) (   0,    0) (   0,    0) (   0,    0) (   0,    0)
          (   0,    0) (   0,    0) (   0,    0) (   0,    0) (   0,    0) (   0,    0) (   0,    0) (   0,    0) (   0,    0) (   0,    0)
          (   0,    0) (   0,    0) (   0,    0) (   0,    0) (   0,    0) (   0,    0) (   0,    0) (   0,    0) (   0,    0) (   0,    0)
          (   0,    0) (   0,    0) (   0,    0) (   0,    0) (   0,    0) (   0,    0) (   0,    0) (   0,    0) (   0,    0) (   0,    0)
          (   0,    0) (   0,    0) (   0,    0) (   0,    0) (   0,    0) (   0,    0) (   0,    0) (   0,    0) (   0,    0) (   0,    0)
          (   0,    0) (   0,    0) (   0,    0) (   0,    0) (   0,    0) (   0,    0) (   0,    0) (   0,    0) (   0,    0) (   0,    0)
          (   0,    0) (   0,    0) (   0,    0) (   0,    0) (   0,    0) (   0,    0) (   0,    0) (   0,    0) (   0,    0) (   0,    0)
          (   0,    0) (   0,    0) (   0,    0) (   0,    0) (   0,    0) (   0,    0) (   0,    0) (   0,    0) (   0,    0) (   0,    0)
          (   0,    0) (   0,    0) (   0,    0) (   0,    0) (   0,    0) (   0,    0) (   0,    0) (   0,    0) (   0,    0) (   0,    0)
          (   0,    0) (   0,    0) (   0,    0) (   0,    0) (   0,    0) (   0,    0) (   0,    0) (   0,    0) (   0,    0) (   0,    0)
          (   0,    0) (   0,    0) (   0,    0) (   0,    0) (   0,    0) (   0,    0) (   0,    0) (   0,    0) (   0,    0) (   0,    0)
          (   0,    0) (   0,    0) (   0,    0) (   0,    0) (   0,    0) (   0,    0) (   0,    0) (   0,    0) (   0,    0) (   0,    0)
          (   0,    0) (   0,    0) (   0,    0) (   0,    0) (   0,    0) (   0,    0) (   0,    0) (   0,    0) (   0,    0) (   0,    0)
          (   0,    0) (   0,    0) (   0,    0) (   0,    0) (   0,    0) (   0,    0) (   0,    0) (   0,    0) (   0,    0) (   0,    0)
          (   0,    0) (   0,    0) (   0,    0) (   0,    0) (   0,    0) (   0,    0) (   0,    0) (   0,    0) (   0,    0) (   0,    0)
         
node   1 sent_total   1685  recv_total   1573

node   2  (   1,    0) (   0,    0) (   0,    1) (   0,    0) (   0,    0) (   0,    0) (   0,    0) (   4,    1) (   2,    3) (   0,    4)
          (   0,   10) (   0,    4) (   0,    0) (  20,    1) (  30,   13) (  40,   34) (  20,   42) (   0,   20) (   0,    0) (  20,    1)
          (  30,   13) (  40,   34) (  20,   42) (   0,   20) (   0,    0) (  20,    1) (  30,   13) (  40,   34) (  20,   42) (   0,   20)
          (   0,    0) (  20,    1) (  30,   13) (  40,   34) (  20,   42) (   0,   20) (   0,    0) (  20,    1) (  30,   13) (  40,   34)
          (  20,   42) (   0,   20) (   0,    0) (  20,    1) (  30,   13) (  40,   34) (  20,   42) (   0,   20) (   0,    0) (  20,    1)
          (  30,   13) (  32,   34) (  18,   37) (   0,   16) (   0,    1) (  17,    1) (  28,   12) (  27,   29) (  28,   34) (   0,   22)
          (   0,    1) (  17,    1) (  29,   11) (  23,   26) (  24,   38) (   0,   19) (   0,    0) (  16,    1) (  25,   12) (  35,   31)
          (  19,   31) (   0,   25) (   0,    0) (  18,    1) (  29,   10) (  34,   31) (  17,   39) (   0,   22) (   0,    0) (  19,    1)
          (  27,   11) (  19,   26) (  38,   35) (   0,   22) (   0,    2) (  17,    1) (  20,   10) (  48,   30) (  19,   37) (   0,   22)
          (   0,    1) (  18,    1) (  27,   11) (  34,   31) (   9,   34) (   9,   18) (   0,    2) (   9,    0) (  37,    8) (  27,   32)
          (  28,   38) (   0,   20) (   0,    0) (   6,    0) (  24,    3) (  39,   22) (  18,   38) (   0,   19) (   0,    1) (   9,    0)
          (  24,    3) (  36,   26) (  16,   34) (   0,   16) (   0,    3) (  10,    0) (  28,    3) (  34,   27) (  17,   39) (   0,   16)
          (   0,    0) (   6,    0) (  18,    2) (  42,   23) (  16,   33) (   0,   22) (   0,    1) (   7,    0) (  24,    3) (  34,   27)
          (   9,   32) (   8,   20) (   0,    1) (   9,    0) (  23,    3) (  32,   26) (  18,   33) (   0,   16) (   0,    1) (   7,    0)
          (  25,    3) (  26,   27) (  16,   36) (   0,   14) (   0,    4) (   9,    0) (  16,    2) (  28,   24) (  16,   27) (   7,   15)
          (   0,    2) (   7,    0) (  14,    2) (  36,   26) (  15,   35) (   0,   19) (   0,    0) (   9,    0) (  27,    3) (  26,   26)
          (  21,   30) (   0,   18) (   0,    3) (   9,    0) (  25,    3) (  34,   30) (   7,   28) (   7,   18) (   0,    4) (   7,    0)
          (  14,    2) (  41,   27) (  18,   37) (   0,   14) (   0,    3) (   8,    0) (  18,    2) (  37,   24) (  15,   34) (   0,   21)
          (   0,    0) (   7,    0) (  26,    3) (  33,   25) (   9,   35) (   8,   16) (   0,    2) (   7,    0) (  22,    3) (  30,   19)
          (  15,   38) (   0,   18) (   0,    1) (   8,    0) (  16,    2) (  31,   26) (  25,   33) (   0,   18) (   0,    0) (   7,    0)
          (  25,    3) (  25,   24) (  27,   33) (   0,   18) (   0,    4) (   7,    0) (  16,    2) (  43,   23) (  17,   39) (   0,   18)
          (   0,    2) (   8,    0) (  21,    3) (  32,   25) (   8,   33) (   9,   15) (   0,    4) (   9,    0) (  18,    2) (  42,   28)
          (  16,   30) (   0,   20) (   0,    2) (   8,    0) (  17,    2) (  42,   24) (  16,   35) (   0,   20) (   0,    0) (   9,    0)
          (  23,    3) (  30,   26) (  16,   27) (   0,   18) (   0,    1) (   9,    0) (  23,    3) (  26,   26) (  25,   34) (   0,   21)
          (   0,    1) (   8,    0) (  17,    2) (  40,   25) (   9,   34) (   8,   18) (   0,    4) (   9,    0) (  16,    2) (  42,   25)
          (   9,   37) (   8,   18) (   0,    2) (   7,    0) (  16,    2) (  38,   22) (  17,   33) (   0,   15) (   0,    4) (   9,    0)
          (  15,    2) (  32,   26) (  25,   32) (   0,   23) (   0,    0) (   8,    0) (  26,    3) (  32,   24) (  17,   35) (   0,   16)
          (   0,    0) (   8,    0) (  23,    3) (  16,   26) (  34,   32) (   0,   21) (   0,    0) (   9,    0) (  16,    2) (  40,   26)
          (  18,   35) (   0,   20) (   0,    1) (   9,    0) (  25,    3) (  29,   29) (   9,   30) (   8,   19) (   0,    2) (   9,    0)
          (  23,    3) (  25,   29) (  27,   30) (   0,   21) (   0,    0) (   9,    0) (  21,    3) (  33,   26) (  15,   34) (   0,   20)
          (   0,    2) (   9,    0) (  27,    3) (  36,   31) (  18,   38) (   0,   18) (   0,    0) (   9,    0) (  27,    3) (  36,   31)
          (  18,   38) (   0,   18) (   0,    0) (   9,    0) (  27,    3) (  36,   31) (  18,   38) (   0,   18) (   0,    0) (   9,    0)
          (  27,    3) (  36,   31) (  18,   38) (   0,   18) (   0,    0) (   9,    0) (  27,    3) (  36,   31) (  18,   38) (   0,   18)
          (   0,    0) (   9,    0) (  27,    3) (  36,   31) (  18,   38) (   0,   18) (   0,    0) (   9,    0) (  27,    3) (  36,   31)
          (  18,   38) (   0,   18) (   0,    0) (   9,    0) (  27,    3) (  36,   31) (  18,   38) (   0,   18) (   0,    0) (   9,    0)
          (  27,    3) (  36,   31) (  18,   38) (   0,   18) (   0,    0) (   9,    0) (  27,    3) (  36,   31) (  18,   38) (   0,   18)
          (   0,    0) (   9,    0) (  27,    3) (  36,   31) (  18,   38) (   0,   18) (   0,    0) (   9,    0) (  27,    3) (  36,   31)
          (  18,   38) (   0,   18) (   0,    0) (   9,    0) (  27,    3) (  36,   31) (  18,   38) (   0,   18) (   0,    0) (   9,    0)
          (  27,    3) (  36,   31) (  18,   38) (   0,   18) (   0,    0) (   9,    0) (  27,    3) (  36,   31) (  18,   38) (   0,   18)
          (   0,    0) (   9,    0) (  27,    3) (  36,   31) (  18,   38) (   0,   18) (   0,    0) (   9,    0) (  27,    3) (  36,   31)
          (  18,   38) (   0,   18) (   0,    0) (   9,    0) (  27,    3) (  36,   31) (  18,   38) (   0,   18) (   0,    0) (   9,    0)
          (  27,    3) (  36,   31) (  18,   38) (   0,   18) (   0,    0) (   9,    0) (  27,    3) (  36,   31) (  18,   38) (   0,   18)
          (   0,    0) (   9,    0) (  27,    3) (  36,   31) (  18,   38) (   0,   18) (   0,    0) (   9,    0) (  27,    3) (  36,   31)
          (  18,   38) (   0,   18) (   0,    0) (   9,    0) (  27,    3) (  36,   31) (  18,   38) (   0,   18) (   0,    0) (   9,    0)
          (  27,    3) (  36,   31) (  18,   38) (   0,   18) (   0,    0) (   9,    0) (  27,    3) (  36,   31) (  18,   38) (   0,   18)
          (   0,    0) (   9,    0) (  27,    3) (  36,   31) (  18,   38) (   0,   18) (   0,    0) (   9,    0) (  27,    3) (  36,   31)
          (  18,   38) (   0,   18) (   0,    0) (   9,    0) (  27,    3) (  36,   31) (  18,   38) (   0,   18) (   0,    0) (   9,    0)
          (  27,    3) (  36,   31) (  18,   38) (   0,   18) (   0,    0) (   9,    0) (  27,    3) (  36,   31) (  18,   38) (   0,   18)
          (   0,    0) (   9,    0) (  27,    3) (  36,   31) (  18,   38) (   0,   18) (   0,    0) (   9,    0) (  27,    3) (  36,   31)
          (  18,   38) (   0,   18) (   0,    0) (   9,    0) (  27,    3) (  36,   31) (  18,   38) (   0,   18) (   0,    0) (   9,    0)
          (  27,    3) (  36,   31) (  18,   38) (   0,   18) (   0,    0) (   9,    0) (  27,    3) (  36,   31) (  18,   38) (   0,   18)
          (   0,    0) (   9,    0) (  27,    3) (  36,   31) (  18,   38) (   0,   18) (   0,    0) (   9,    0) (  27,    3) (  36,   31)
          (  18,   38) (   0,   18) (   0,    0) (   9,    0) (  27,    3) (  36,   31) (  18,   38) (   0,   18) (   0,    0) (   9,    0)
          (  27,    3) (  36,   31) (  18,   38) (   0,   18) (   0,    0) (   9,    0) (  27,    3) (  36,   31) (  18,   38) (   0,   18)
          (   0,    0) (   9,    0) (  27,    3) (  36,   31) (  18,   38) (   0,   18) (   0,    0) (   9,    0) (  27,    3) (  36,   31)
          (  18,   38) (   0,   18) (   0,    0) (   9,    0) (  27,    3) (  36,   31) (  18,   38) (   0,   18) (   0,    0) (   9,    0)
          (  27,    3) (  36,   31) (  18,   38) (   0,   18) (   0,    0) (   9,    0) (  27,    3) (  36,   31) (  18,   38) (   0,   18)
          (   0,    0) (   9,    0) (  27,    3) (  36,   31) (  18,   38) (   0,   18) (   0,    0) (   9,    0) (  27,    3) (  36,   31)
          (  18,   38) (   0,   18) (   0,    0) (   9,    0) (  27,    3) (  36,   31) (  18,   38) (   0,   18) (   0,    0) (   9,    0)
          (  27,    3) (  36,   31) (  18,   38) (   0,   18) (   0,    0) (   9,    0) (  27,    3) (  36,   31) (  18,   38) (   0,   18)
          (   0,    0) (   9,    0) (  27,    3) (  36,   31) (  18,   38) (   0,   18) (   0,    0) (   9,    0) (  27,    3) (  36,   31)
          (  18,   38) (   0,   18) (   0,    0) (   9,    0) (  27,    3) (  36,   31) (  18,   38) (   0,   18) (   0,    0) (   9,    0)
          (  27,    3) (  36,   31) (  18,   38) (   0,   18) (   0,    0) (   9,    0) (  27,    3) (  36,   31) (  18,   38) (   0,   18)
          (   0,    0) (   9,    0) (  27,    3) (  36,   31) (  18,   38) (   0,   18) (   0,    0) (   9,    0) (  27,    3) (  36,   31)
          (  18,   38) (   0,   18) (   0,    0) (   9,    0) (  27,    3) (  36,   31) (  18,   38) (   0,   18) (   0,    0) (   9,    0)
          (  27,    3) (  36,   31) (  18,   38) (   0,   18) (   0,    0) (   9,    0) (  27,    3) (  36,   31) (  18,   38) (   0,   18)
          (   0,    0) (   9,    0) (  27,    3) (  36,   31) (  18,   38) (   0,   18) (   0,    0) (   9,    0) (  27,    3) (  36,   31)
          (  18,   38) (   0,   18) (   0,    0) (   9,    0) (  27,    3) (  36,   31) (  18,   38) (   0,   18) (   0,    0) (   9,    0)
          (  27,    3) (  36,   31) (  18,   38) (   0,   18) (   0,    0) (   9,    0) (  27,    3) (  36,   31) (  18,   38) (   0,   18)
          (   0,    0) (   9,    0) (  27,    3) (  36,   31) (  18,   38) (   0,   18) (   0,    0) (   9,    0) (  27,    3) (  36,   31)
         
node   2 sent_total  10247  recv_total  10234

node   3  (   1,    0) (   0,    0) (   0,    1) (   0,    0) (   0,    0) (   0,    0) (   0,    0) (   4,    1) (   2,    3) (   0,    4)
          (   0,   10) (   0,    4) (   0,    0) (  20,    1) (  30,   13) (  40,   34) (  20,   42) (   0,   20) (   0,    0) (  20,    1)
          (  30,   13) (  40,   34) (  20,   42) (   0,   20) (   0,    0) (  20,    1) (  30,   13) (  40,   34) (  20,   42) (   0,   20)
          (   0,    0) (  20,    1) (  30,   13) (  40,   34) (  20,   42) (   0,   20) (   0,    0) (  20,    1) (  30,   13) (  40,   34)
          (  20,   42) (   0,   20) (   0,    0) (  20,    1) (  30,   13) (  40,   34) (  20,   42) (   0,   20) (   0,    0) (  20,    1)
          (  30,   13) (  38,   34) (  20,   36) (   0,   15) (   0,    1) (  18,    1) (  25,   12) (  29,   28) (  25,   34) (   0,   21)
          (   0,    1) (  17,    1) (  25,   12) (  36,   27) (  18,   39) (   0,   19) (   0,    0) (  19,    1) (  27,   10) (  37,   26)
          (  18,   32) (   0,   26) (   0,    0) (  19,    1) (  27,   10) (  37,   29) (  17,   39) (   0,   19) (   0,    1) (  19,    1)
          (  27,   12) (  37,   28) (  19,   38) (   0,   20) (   0,    2) (  19,    1) (  26,   12) (  27,   30) (  19,   33) (   8,   23)
          (   0,    1) (  17,    1) (  29,   10) (  24,   32) (  27,   39) (   0,   21) (   0,    2) (  19,    1) (  28,   10) (  38,   32)
          (  17,   40) (   0,   19) (   0,    0) (   7,    0) (  18,    2) (  42,   22) (  19,   39) (   0,   18) (   0,    0) (  10,    0)
          (   8,    1) (  57,   26) (  10,   34) (  10,   14) (   0,    4) (   9,    0) (  30,    3) (  37,   26) (  17,   33) (   0,   16)
          (   0,    0) (   9,    0) (  23,    3) (  35,   24) (  16,   34) (   0,   20) (   0,    1) (   9,    0) (  22,    3) (  15,   22)
          (  34,   37) (   0,   20) (   0,    0) (   7,    0) (  17,    2) (  33,   26) (  24,   37) (   0,   20) (   0,    1) (   9,    0)
          (  16,    2) (  30,   27) (  26,   39) (   0,   15) (   0,    4) (   7,    0) (  22,    3) (  35,   29) (  17,   34) (   0,   19)
          (   0,    1) (   9,    0) (  23,    3) (  32,   28) (  15,   34) (   0,   19) (   0,    0) (   5,    0) (  17,    2) (  39,   24)
          (  13,   35) (   0,   18) (   0,    3) (   9,    0) (  27,    3) (  16,   25) (  18,   28) (  18,   18) (   0,    4) (   9,    0)
          (  26,    3) (  22,   22) (  22,   36) (   0,   16) (   0,    3) (   6,    0) (  17,    2) (  34,   22) (  23,   36) (   0,   20)
          (   0,    0) (   9,    0) (  15,    2) (  42,   25) (  16,   37) (   0,   13) (   0,    2) (   8,    0) (  25,    3) (  25,   22)
          (  26,   34) (   0,   18) (   0,    1) (   8,    0) (  24,    3) (  23,   24) (  25,   36) (   0,   20) (   0,    0) (   7,    0)
          (  24,    3) (  24,   24) (   8,   30) (  17,   17) (   0,    3) (   6,    0) (  26,    3) (  36,   25) (  18,   38) (   0,   19)
          (   0,    2) (   9,    0) (  24,    3) (  32,   28) (   9,   33) (   9,   11) (   0,    4) (   8,    0) (  25,    3) (  25,   26)
          (  17,   30) (   9,   21) (   0,    2) (   7,    0) (  25,    3) (  24,   24) (  22,   32) (   0,   23) (   0,    0) (   9,    0)
          (  23,    3) (  18,   25) (  26,   34) (   8,   18) (   0,    2) (   8,    0) (  23,    3) (  33,   28) (  18,   31) (   0,   20)
          (   0,    1) (   9,    0) (  24,    3) (  26,   27) (  18,   32) (   8,   17) (   0,    3) (   8,    0) (  23,    3) (  32,   26)
          (  17,   35) (   0,   15) (   0,    3) (   9,    0) (  27,    3) (  26,   22) (  22,   33) (   0,   17) (   0,    4) (   8,    0)
          (  25,    3) (  17,   25) (  33,   33) (   0,   22) (   0,    0) (   9,    0) (  25,    3) (  24,   26) (  25,   35) (   0,   18)
          (   0,    0) (   9,    0) (  27,    3) (  34,   27) (  17,   31) (   0,   21) (   0,    0) (   6,    0) (  25,    3) (  24,   25)
          (  24,   35) (   0,   20) (   0,    1) (   9,    0) (  27,    3) (  25,   27) (  18,   30) (   8,   16) (   0,    1) (   8,    0)
          (  21,    3) (  33,   25) (  16,   32) (   0,   21) (   0,    0) (   8,    0) (  26,    3) (  23,   27) (  13,   30) (   8,   18)
          (   0,    1) (   9,    0) (  27,    3) (  36,   31) (  18,   38) (   0,   18) (   0,    0) (   9,    0) (  27,    3) (  36,   31)
          (  18,   38) (   0,   18) (   0,    0) (   9,    0) (  27,    3) (  36,   31) (  18,   38) (   0,   18) (   0,    0) (   9,    0)
          (  27,    3) (  36,   31) (  18,   38) (   0,   18) (   0,    0) (   9,    0) (  27,    3) (  36,   31) (  18,   38) (   0,   18)
          (   0,    0) (   9,    0) (  27,    3) (  36,   31) (  18,   38) (   0,   18) (   0,    0) (   9,    0) (  27,    3) (  36,   31)
          (  18,   38) (   0,   18) (   0,    0) (   9,    0) (  27,    3) (  36,   31) (  18,   38) (   0,   18) (   0,    0) (   9,    0)
          (  27,    3) (  36,   31) (  18,   38) (   0,   18) (   0,    0) (   9,    0) (  27,    3) (  36,   31) (  18,   38) (   0,   18)
          (   0,    0) (   9,    0) (  27,    3) (  36,   31) (  18,   38) (   0,   18) (   0,    0) (   9,    0) (  27,    3) (  36,   31)
          (  18,   38) (   0,   18) (   0,    0) (   9,    0) (  27,    3) (  36,   31) (  18,   38) (   0,   18) (   0,    0) (   9,    0)
          (  27,    3) (  36,   31) (  18,   38) (   0,   18) (   0,    0) (   9,    0) (  27,    3) (  36,   31) (  18,   38) (   0,   18)
          (   0,    0) (   9,    0) (  27,    3) (  36,   31) (  18,   38) (   0,   18) (   0,    0) (   9,    0) (  27,    3) (  36,   31)
          (  18,   38) (   0,   18) (   0,    0) (   9,    0) (  27,    3) (  36,   31) (  18,   38) (   0,   18) (   0,    0) (   9,    0)
          (  27,    3) (  36,   31) (  18,   38) (   0,   18) (   0,    0) (   9,    0) (  27,    3) (  36,   31) (  18,   38) (   0,   18)
          (   0,    0) (   9,    0) (  27,    3) (  36,   31) (  18,   38) (   0,   18) (   0,    0) (   9,    0) (  27,    3) (  36,   31)
          (  18,   38) (   0,   18) (   0,    0) (   9,    0) (  27,    3) (  36,   31) (  18,   38) (   0,   18) (   0,    0) (   9,    0)
          (  27,    3) (  36,   31) (  18,   38) (   0,   18) (   0,    0) (   9,    0) (  27,    3) (  36,   31) (  18,   38) (   0,   18)
          (   0,    0) (   9,    0) (  27,    3) (  36,   31) (  18,   38) (   0,   18) (   0,    0) (   9,    0) (  27,    3) (  36,   31)
          (  18,   38) (   0,   18) (   0,    0) (   9,    0) (  27,    3) (  36,   31) (  18,   38) (   0,   18) (   0,    0) (   9,    0)
          (  27,    3) (  36,   31) (  18,   38) (   0,   18) (   0,    0) (   9,    0) (  27,    3) (  36,   31) (  18,   38) (   0,   18)
          (   0,    0) (   9,    0) (  27,    3) (  36,   31) (  18,   38) (   0,   18) (   0,    0) (   9,    0) (  27,    3) (  36,   31)
          (  18,   38) (   0,   18) (   0,    0) (   9,    0) (  27,    3) (  36,   31) (  18,   38) (   0,   18) (   0,    0) (   9,    0)
          (  27,    3) (  36,   31) (  18,   38) (   0,   18) (   0,    0) (   9,    0) (  27,    3) (  36,   31) (  18,   38) (   0,   18)
          (   0,    0) (   9,    0) (  27,    3) (  36,   31) (  18,   38) (   0,   18) (   0,    0) (   9,    0) (  27,    3) (  36,   31)
          (  18,   38) (   0,   18) (   0,    0) (   9,    0) (  27,    3) (  36,   31) (  18,   38) (   0,   18) (   0,    0) (   9,    0)
          (  27,    3) (  36,   31) (  18,   38) (   0,   18) (   0,    0) (   9,    0) (  27,    3) (  36,   31) (  18,   38) (   0,   18)
          (   0,    0) (   9,    0) (  27,    3) (  36,   31) (  18,   38) (   0,   18) (   0,    0) (   9,    0) (  27,    3) (  36,   31)
          (  18,   38) (   0,   18) (   0,    0) (   9,    0) (  27,    3) (  36,   31) (  18,   38) (   0,   18) (   0,    0) (   9,    0)
          (  27,    3) (  36,   31) (  18,   38) (   0,   18) (   0,    0) (   9,    0) (  27,    3) (  36,   31) (  18,   38) (   0,   18)
          (   0,    0) (   9,    0) (  27,    3) (  36,   31) (  18,   38) (   0,   18) (   0,    0) (   9,    0) (  27,    3) (  36,   31)
          (  18,   38) (   0,   18) (   0,    0) (   9,    0) (  27,    3) (  36,   31) (  18,   38) (   0,   18) (   0,    0) (   9,    0)
          (  27,    3) (  36,   31) (  18,   38) (   0,   18) (   0,    0) (   9,    0) (  27,    3) (  36,   31) (  18,   38) (   0,   18)
          (   0,    0) (   9,    0) (  27,    3) (  36,   31) (  18,   38) (   0,   18) (   0,    0) (   9,    0) (  27,    3) (  36,   31)
          (  18,   38) (   0,   18) (   0,    0) (   9,    0) (  27,    3) (  36,   31) (  18,   38) (   0,   18) (   0,    0) (   9,    0)
          (  27,    3) (  36,   31) (  18,   38) (   0,   18) (   0,    0) (   9,    0) (  27,    3) (  36,   31) (  18,   38) (   0,   18)
          (   0,    0) (   9,    0) (  27,    3) (  36,   31) (  18,   38) (   0,   18) (   0,    0) (   9,    0) (  27,    3) (  36,   31)
          (  18,   38) (   0,   18) (   0,    0) (   9,    0) (  27,    3) (  36,   31) (  18,   38) (   0,   18) (   0,    0) (   9,    0)
          (  27,    3) (  36,   31) (  18,   38) (   0,   18) (   0,    0) (   9,    0) (  27,    3) (  36,   31) (  18,   38) (   0,   18)
          (   0,    0) (   9,    0) (  27,    3) (  36,   31) (  18,   38) (   0,   18) (   0,    0) (   9,    0) (  27,    3) (  36,   31)
          (  18,   38) (   0,   18) (   0,    0) (   9,    0) (  27,    3) (  36,   31) (  18,   38) (   0,   18) (   0,    0) (   9,    0)
          (  27,    3) (  36,   31) (  18,   38) (   0,   18) (   0,    0) (   9,    0) (  27,    3) (  36,   31) (  18,   38) (   0,   18)
          (   0,    0) (   9,    0) (  27,    3) (  36,   31) (  18,   38) (   0,   18) (   0,    0) (   9,    0) (  27,    3) (  36,   31)
         
node   3 sent_total  10308  recv_total  10242

node   4  (   1,    0) (   0,    0) (   0,    1) (   0,    0) (   0,    0) (   0,    0) (   0,    0) (   4,    1) (   2,    3) (   0,    4)
          (   0,   10) (   0,    4) (   0,    0) (  20,    1) (  30,   13) (  40,   34) (  20,   42) (   0,   20) (   0,    0) (  20,    1)
          (  30,   13) (  40,   34) (  20,   42) (   0,   20) (   0,    0) (  20,    1) (  30,   13) (  40,   34) (  20,   42) (   0,   20)
          (   0,    0) (  20,    1) (  30,   13) (  40,   34) (  20,   42) (   0,   20) (   0,    0) (  20,    1) (  30,   13) (  40,   34)
          (  20,   42) (   0,   20) (   0,    0) (  20,    1) (  30,   13) (  40,   34) (  20,   42) (   0,   20) (   0,    0) (  20,    1)
          (  30,   13) (  29,   34) (  10,   38) (  10,   18) (   0,    1) (  19,    1) (  25,   10) (  28,   27) (  28,   32) (   0,   24)
          (   0,    1) (  18,    1) (  23,   12) (  35,   28) (  17,   40) (   0,   22) (   0,    0) (  19,    1) (  25,   12) (  17,   29)
          (  37,   32) (   0,   25) (   0,    0) (  18,    1) (  25,   10) (  26,   26) (  28,   36) (   0,   21) (   0,    1) (   9,    0)
          (  32,   12) (  27,   29) (  27,   35) (   0,   21) (   0,    2) (  18,    1) (  27,   12) (  34,   29) (  19,   36) (   0,   19)
          (   0,    1) (  19,    1) (  29,   11) (  28,   29) (  29,   40) (   0,   20) (   0,    2) (  19,    1) (  25,    9) (  36,   34)
          (  18,   37) (   0,   16) (   0,    0) (   9,    0) (  19,    2) (  46,   24) (  20,   34) (   0,   20) (   0,    1) (   8,    0)
          (  27,    3) (  27,   26) (  27,   34) (   0,   15) (   0,    4) (   9,    0) (  19,    2) (  46,   28) (  19,   33) (   0,   17)
          (   0,    0) (   6,    0) (  27,    3) (  24,   20) (  26,   36) (   0,   20) (   0,    0) (   8,    0) (  17,    2) (  43,   26)
          (  18,   33) (   0,   19) (   0,    1) (   8,    0) (  17,    2) (  42,   27) (  16,   38) (   0,   18) (   0,    0) (   8,    0)
          (   9,    1) (  49,   26) (  17,   33) (   0,   13) (   0,    3) (   9,    0) (  24,    3) (  32,   26) (  15,   33) (   0,   17)
          (   0,    2) (   8,    0) (  25,    3) (  25,   22) (  26,   33) (   0,   18) (   0,    0) (   9,    0) (  24,    3) (  32,   25)
          (  18,   33) (   0,   18) (   0,    3) (   9,    0) (  24,    3) (  32,   28) (  17,   29) (   0,   16) (   0,    4) (   7,    0)
          (  21,    3) (  34,   22) (  16,   38) (   0,   16) (   0,    3) (   8,    0) (  26,    3) (  32,   24) (  17,   35) (   0,   16)
          (   0,    0) (   8,    0) (  25,    3) (  31,   28) (   9,   34) (   7,   15) (   0,    1) (   7,    0) (  20,    3) (  32,   24)
          (  17,   34) (   0,   16) (   0,    1) (   8,    0) (  24,    3) (  33,   25) (  18,   35) (   0,   19) (   0,    0) (   9,    0)
          (   9,    1) (  48,   23) (  18,   32) (   0,   18) (   0,    4) (   8,    0) (   8,    1) (  40,   21) (  24,   37) (   0,   18)
          (   0,    2) (   9,    0) (  25,    3) (  34,   28) (  15,   33) (   0,   15) (   0,    4) (   8,    0) (  25,    3) (  15,   26)
          (  35,   27) (   0,   21) (   0,    2) (   7,    0) (  24,    3) (  32,   26) (  18,   33) (   0,   23) (   0,    0) (   8,    0)
          (  26,    3) (  34,   28) (  16,   32) (   0,   17) (   0,    2) (   8,    0) (  23,    3) (  26,   23) (  23,   29) (   0,   21)
          (   0,    1) (   8,    0) (  25,    3) (  23,   24) (  15,   29) (   8,   18) (   0,    4) (   7,    0) (  23,    3) (  31,   25)
          (   0,   32) (  14,   16) (   0,    2) (   8,    0) (   7,    1) (  39,   25) (  23,   33) (   0,   18) (   0,    4) (   8,    0)
          (  24,    3) (  24,   21) (  25,   30) (   0,   22) (   0,    0) (   7,    0) (   9,    1) (  40,   25) (  21,   34) (   0,   17)
          (   0,    0) (   9,    0) (  23,    3) (  34,   28) (  17,   33) (   0,   19) (   0,    0) (   9,    0) (  26,    3) (  17,   23)
          (  32,   34) (   0,   21) (   0,    1) (   9,    0) (  25,    3) (  31,   29) (  17,   32) (   0,   17) (   0,    2) (   9,    0)
          (  24,    3) (  33,   27) (  15,   35) (   0,   19) (   0,    0) (   8,    0) (  16,    2) (  42,   26) (  17,   31) (   0,   20)
          (   0,    2) (   9,    0) (  27,    3) (  36,   31) (  18,   38) (   0,   18) (   0,    0) (   9,    0) (  27,    3) (  36,   31)
          (  18,   38) (   0,   18) (   0,    0) (   9,    0) (  27,    3) (  36,   31) (  18,   38) (   0,   18) (   0,    0) (   9,    0)
          (  27,    3) (  36,   31) (  18,   38) (   0,   18) (   0,    0) (   9,    0) (  27,    3) (  36,   31) (  18,   38) (   0,   18)
          (   0,    0) (   9,    0) (  27,    3) (  36,   31) (  18,   38) (   0,   18) (   0,    0) (   9,    0) (  27,    3) (  36,   31)
          (  18,   38) (   0,   18) (   0,    0) (   9,    0) (  27,    3) (  36,   31) (  18,   38) (   0,   18) (   0,    0) (   9,    0)
          (  27,    3) (  36,   31) (  18,   38) (   0,   18) (   0,    0) (   9,    0) (  27,    3) (  36,   31) (  18,   38) (   0,   18)
          (   0,    0) (   9,    0) (  27,    3) (  36,   31) (  18,   38) (   0,   18) (   0,    0) (   9,    0) (  27,    3) (  36,   31)
          (  18,   38) (   0,   18) (   0,    0) (   9,    0) (  27,    3) (  36,   31) (  18,   38) (   0,   18) (   0,    0) (   9,    0)
          (  27,    3) (  36,   31) (  18,   38) (   0,   18) (   0,    0) (   9,    0) (  27,    3) (  36,   31) (  18,   38) (   0,   18)
          (   0,    0) (   9,    0) (  27,    3) (  36,   31) (  18,   38) (   0,   18) (   0,    0) (   9,    0) (  27,    3) (  36,   31)
          (  18,   38) (   0,   18) (   0,    0) (   9,    0) (  27,    3) (  36,   31) (  18,   38) (   0,   18) (   0,    0) (   9,    0)
          (  27,    3) (  36,   31) (  18,   38) (   0,   18) (   0,    0) (   9,    0) (  27,    3) (  36,   31) (  18,   38) (   0,   18)
          (   0,    0) (   9,    0) (  27,    3) (  36,   31) (  18,   38) (   0,   18) (   0,    0) (   9,    0) (  27,    3) (  36,   31)
          (  18,   38) (   0,   18) (   0,    0) (   9,    0) (  27,    3) (  36,   31) (  18,   38) (   0,   18) (   0,    0) (   9,    0)
          (  27,    3) (  36,   31) (  18,   38) (   0,   18) (   0,    0) (   9,    0) (  27,    3) (  36,   31) (  18,   38) (   0,   18)
          (   0,    0) (   9,    0) (  27,    3) (  36,   31) (  18,   38) (   0,   18) (   0,    0) (   9,    0) (  27,    3) (  36,   31)
          (  18,   38) (   0,   18) (   0,    0) (   9,    0) (  27,    3) (  36,   31) (  18,   38) (   0,   18) (   0,    0) (   9,    0)
          (  27,    3) (  36,   31) (  18,   38) (   0,   18) (   0,    0) (   9,    0) (  27,    3) (  36,   31) (  18,   38) (   0,   18)
          (   0,    0) (   9,    0) (  27,    3) (  36,   31) (  18,   38) (   0,   18) (   0,    0) (   9,    0) (  27,    3) (  36,   31)
          (  18,   38) (   0,   18) (   0,    0) (   9,    0) (  27,    3) (  36,   31) (  18,   38) (   0,   18) (   0,    0) (   9,    0)
          (  27,    3) (  36,   31) (  18,   38) (   0,   18) (   0,    0) (   9,    0) (  27,    3) (  36,   31) (  18,   38) (   0,   18)
          (   0,    0) (   9,    0) (  27,    3) (  36,   31) (  18,   38) (   0,   18) (   0,    0) (   9,    0) (  27,    3) (  36,   31)
          (  18,   38) (   0,   18) (   0,    0) (   9,    0) (  27,    3) (  36,   31) (  18,   38) (   0,   18) (   0,    0) (   9,    0)
          (  27,    3) (  36,   31) (  18,   38) (   0,   18) (   0,    0) (   9,    0) (  27,    3) (  36,   31) (  18,   38) (   0,   18)
          (   0,    0) (   9,    0) (  27,    3) (  36,   31) (  18,   38) (   0,   18) (   0,    0) (   9,    0) (  27,    3) (  36,   31)
          (  18,   38) (   0,   18) (   0,    0) (   9,    0) (  27,    3) (  36,   31) (  18,   38) (   0,   18) (   0,    0) (   9,    0)
          (  27,    3) (  36,   31) (  18,   38) (   0,   18) (   0,    0) (   9,    0) (  27,    3) (  36,   31) (  18,   38) (   0,   18)
          (   0,    0) (   9,    0) (  27,    3) (  36,   31) (  18,   38) (   0,   18) (   0,    0) (   9,    0) (  27,    3) (  36,   31)
          (  18,   38) (   0,   18) (   0,    0) (   9,    0) (  27,    3) (  36,   31) (  18,   38) (   0,   18) (   0,    0) (   9,    0)
          (  27,    3) (  36,   31) (  18,   38) (   0,   18) (   0,    0) (   9,    0) (  27,    3) (  36,   31) (  18,   38) (   0,   18)
          (   0,    0) (   9,    0) (  27,    3) (  36,   31) (  18,   38) (   0,   18) (   0,    0) (   9,    0) (  27,    3) (  36,   31)
          (  18,   38) (   0,   18) (   0,    0) (   9,    0) (  27,    3) (  36,   31) (  18,   38) (   0,   18) (   0,    0) (   9,    0)
          (  27,    3) (  36,   31) (  18,   38) (   0,   18) (   0,    0) (   9,    0) (  27,    3) (  36,   31) (  18,   38) (   0,   18)
          (   0,    0) (   9,    0) (  27,    3) (  36,   31) (  18,   38) (   0,   18) (   0,    0) (   9,    0) (  27,    3) (  36,   31)
          (  18,   38) (   0,   18) (   0,    0) (   9,    0) (  27,    3) (  36,   31) (  18,   38) (   0,   18) (   0,    0) (   9,    0)
          (  27,    3) (  36,   31) (  18,   38) (   0,   18) (   0,    0) (   9,    0) (  27,    3) (  36,   31) (  18,   38) (   0,   18)
          (   0,    0) (   9,    0) (  27,    3) (  36,   31) (  18,   38) (   0,   18) (   0,    0) (   9,    0) (  27,    3) (  36,   31)
          (  18,   38) (   0,   18) (   0,    0) (   9,    0) (  27,    3) (  36,   31) (  18,   38) (   0,   18) (   0,    0) (   9,    0)
          (  27,    3) (  36,   31) (  18,   38) (   0,   18) (   0,    0) (   9,    0) (  27,    3) (  36,   31) (  18,   38) (   0,   18)
          (   0,    0) (   9,    0) (  27,    3) (  36,   31) (  18,   38) (   0,   18) (   0,    0) (   9,    0) (  27,    3) (  36,   31)
         
node   4 sent_total  10279  recv_total  10201

node   5  (   0,    0) (   1,    0) (   0,    0) (   0,    1) (   0,    0) (   0,    0) (   0,    0) (   2,    1) (   2,    2) (   5,    4)
          (   0,    5) (   0,    4) (   0,    0) (  10,    1) (  40,   13) (  40,   34) (  20,   42) (   0,   20) (   0,    0) (  10,    1)
          (  40,   13) (  40,   34) (  20,   42) (   0,   20) (   0,    0) (  10,    1) (  40,   13) (  40,   34) (  20,   42) (   0,   20)
          (   0,    0) (  10,    1) (  40,   13) (  40,   34) (  20,   42) (   0,   20) (   0,    0) (  10,    1) (  40,   13) (  40,   34)
          (  20,   42) (   0,   20) (   0,    0) (  10,    1) (  40,   13) (  40,   34) (  20,   42) (   0,   20) (   0,    0) (  10,    1)
          (  40,   13) (  37,   34) (  18,   36) (   0,   17) (   0,    1) (   7,    1) (  25,   11) (  44,   27) (  16,   32) (   0,   19)
          (   0,    1) (   9,    1) (  36,   11) (  29,   25) (  28,   37) (   0,   22) (   0,    0) (   9,    1) (  35,   12) (  36,   32)
          (  18,   33) (   0,   22) (   0,    0) (   8,    1) (  37,    9) (  26,   29) (  28,   39) (   0,   21) (   0,    1) (  10,    1)
          (  25,   10) (  43,   29) (  19,   37) (   0,   20) (   0,    2) (   0,    0) (  45,   12) (  23,   29) (  26,   33) (   0,   24)
          (   0,    1) (   0,    0) (  30,    8) (  43,   31) (  18,   37) (   0,   18) (   0,    1) (  10,    1) (  39,    9) (  36,   34)
          (  18,   38) (   0,   18) (   0,    0) (   0,    0) (  32,    3) (  37,   23) (  18,   38) (   0,   19) (   0,    1) (   0,    0)
          (  36,    3) (  36,   28) (  17,   38) (   0,   13) (   0,    4) (   0,    0) (  38,    3) (  35,   28) (  19,   35) (   0,   18)
          (   0,    0) (   0,    0) (  25,    2) (  22,   21) (  33,   38) (   0,   20) (   0,    1) (   0,    0) (  32,    3) (  33,   26)
          (  17,   34) (   0,   17) (   0,    1) (   0,    0) (  35,    3) (  33,   26) (   7,   34) (   8,   20) (   0,    1) (   0,    0)
          (  33,    3) (  31,   26) (  18,   38) (   0,   15) (   0,    3) (   0,    0) (  29,    3) (  29,   25) (  14,   29) (   0,   20)
          (   0,    2) (   0,    0) (  25,    2) (  43,   23) (  15,   31) (   0,   17) (   0,    0) (   0,    0) (  22,    2) (  33,   25)
          (  25,   35) (   0,   19) (   0,    2) (   0,    0) (  30,    3) (  31,   29) (  16,   30) (   0,   18) (   0,    3) (   0,    0)
          (  17,    1) (  47,   26) (  16,   36) (   0,   13) (   0,    4) (   0,    0) (  26,    2) (  32,   23) (  23,   37) (   0,   17)
          (   0,    0) (   0,    0) (  34,    3) (  23,   26) (  22,   36) (   0,   16) (   0,    1) (   0,    0) (  16,    1) (  42,   23)
          (  24,   37) (   0,   18) (   0,    1) (   0,    0) (  32,    3) (  33,   21) (  17,   37) (   0,   19) (   0,    0) (   0,    0)
          (  32,    3) (  33,   24) (  17,   34) (   0,   16) (   0,    4) (   0,    0) (  32,    3) (  26,   20) (  25,   38) (   0,   19)
          (   0,    1) (   0,    0) (  31,    3) (  34,   26) (  14,   33) (   0,   15) (   0,    3) (   0,    0) (  34,    3) (  24,   25)
          (  26,   31) (   0,   19) (   0,    2) (   0,    0) (  24,    2) (  40,   24) (  17,   36) (   0,   22) (   0,    0) (   0,    0)
          (  25,    2) (  33,   26) (  16,   29) (   8,   17) (   0,    2) (   0,    0) (  32,    3) (  32,   27) (  18,   30) (   0,   20)
          (   0,    1) (   0,    0) (  30,    3) (  28,   26) (  17,   30) (   0,   16) (   0,    4) (   0,    0) (  24,    2) (  37,   25)
          (  15,   36) (   0,   16) (   0,    3) (   0,    0) (  30,    3) (  29,   26) (  18,   30) (   0,   19) (   0,    3) (   0,    0)
          (  31,    3) (  25,   26) (  26,   33) (   0,   21) (   0,    0) (   0,    0) (  33,    3) (  32,   28) (  17,   35) (   0,   20)
          (   0,    0) (   0,    0) (  34,    3) (  24,   28) (  23,   31) (   0,   21) (   0,    0) (   0,    0) (  26,    2) (  40,   25)
          (   8,   32) (   9,   20) (   0,    1) (   0,    0) (  33,    3) (  29,   30) (  15,   31) (   0,   19) (   0,    1) (   0,    0)
          (  31,    3) (  34,   27) (  17,   32) (   0,   18) (   0,    0) (   0,    0) (  33,    3) (  26,   26) (  25,   33) (   0,   17)
          (   0,    2) (   0,    0) (  36,    3) (  36,   31) (  18,   38) (   0,   18) (   0,    0) (   0,    0) (  36,    3) (  36,   31)
          (  18,   38) (   0,   18) (   0,    0) (   0,    0) (  36,    3) (  36,   31) (  18,   38) (   0,   18) (   0,    0) (   0,    0)
          (  36,    3) (  36,   31) (  18,   38) (   0,   18) (   0,    0) (   0,    0) (  36,    3) (  36,   31) (  18,   38) (   0,   18)
          (   0,    0) (   0,    0) (  36,    3) (  36,   31) (  18,   38) (   0,   18) (   0,    0) (   0,    0) (  36,    3) (  36,   31)
          (  18,   38) (   0,   18) (   0,    0) (   0,    0) (  36,    3) (  36,   31) (  18,   38) (   0,   18) (   0,    0) (   0,    0)
          (  36,    3) (  36,   31) (  18,   38) (   0,   18) (   0,    0) (   0,    0) (  36,    3) (  36,   31) (  18,   38) (   0,   18)
          (   0,    0) (   0,    0) (  36,    3) (  36,   31) (  18,   38) (   0,   18) (   0,    0) (   0,    0) (  36,    3) (  36,   31)
          (  18,   38) (   0,   18) (   0,    0) (   0,    0) (  36,    3) (  36,   31) (  18,   38) (   0,   18) (   0,    0) (   0,    0)
          (  36,    3) (  36,   31) (  18,   38) (   0,   18) (   0,    0) (   0,    0) (  36,    3) (  36,   31) (  18,   38) (   0,   18)
          (   0,    0) (   0,    0) (  36,    3) (  36,   31) (  18,   38) (   0,   18) (   0,    0) (   0,    0) (  36,    3) (  36,   31)
          (  18,   38) (   0,   18) (   0,    0) (   0,    0) (  36,    3) (  36,   31) (  18,   38) (   0,   18) (   0,    0) (   0,    0)
          (  36,    3) (  36,   31) (  18,   38) (   0,   18) (   0,    0) (   0,    0) (  36,    3) (  36,   31) (  18,   38) (   0,   18)
          (   0,    0) (   0,    0) (  36,    3) (  36,   31) (  18,   38) (   0,   18) (   0,    0) (   0,    0) (  36,    3) (  36,   31)
          (  18,   38) (   0,   18) (   0,    0) (   0,    0) (  36,    3) (  36,   31) (  18,   38) (   0,   18) (   0,    0) (   0,    0)
          (  36,    3) (  36,   31) (  18,   38) (   0,   18) (   0,    0) (   0,    0) (  36,    3) (  36,   31) (  18,   38) (   0,   18)
          (   0,    0) (   0,    0) (  36,    3) (  36,   31) (  18,   38) (   0,   18) (   0,    0) (   0,    0) (  36,    3) (  36,   31)
          (  18,   38) (   0,   18) (   0,    0) (   0,    0) (  36,    3) (  36,   31) (  18,   38) (   0,   18) (   0,    0) (   0,    0)
          (  36,    3) (  36,   31) (  18,   38) (   0,   18) (   0,    0) (   0,    0) (  36,    3) (  36,   31) (  18,   38) (   0,   18)
          (   0,    0) (   0,    0) (  36,    3) (  36,   31) (  18,   38) (   0,   18) (   0,    0) (   0,    0) (  36,    3) (  36,   31)
          (  18,   38) (   0,   18) (   0,    0) (   0,    0) (  36,    3) (  36,   31) (  18,   38) (   0,   18) (   0,    0) (   0,    0)
          (  36,    3) (  36,   31) (  18,   38) (   0,   18) (   0,    0) (   0,    0) (  36,    3) (  36,   31) (  18,   38) (   0,   18)
          (   0,    0) (   0,    0) (  36,    3) (  36,   31) (  18,   38) (   0,   18) (   0,    0) (   0,    0) (  36,    3) (  36,   31)
          (  18,   38) (   0,   18) (   0,    0) (   0,    0) (  36,    3) (  36,   31) (  18,   38) (   0,   18) (   0,    0) (   0,    0)
          (  36,    3) (  36,   31) (  18,   38) (   0,   18) (   0,    0) (   0,    0) (  36,    3) (  36,   31) (  18,   38) (   0,   18)
          (   0,    0) (   0,    0) (  36,    3) (  36,   31) (  18,   38) (   0,   18) (   0,    0) (   0,    0) (  36,    3) (  36,   31)
          (  18,   38) (   0,   18) (   0,    0) (   0,    0) (  36,    3) (  36,   31) (  18,   38) (   0,   18) (   0,    0) (   0,    0)
          (  36,    3) (  36,   31) (  18,   38) (   0,   18) (   0,    0) (   0,    0) (  36,    3) (  36,   31) (  18,   38) (   0,   18)
          (   0,    0) (   0,    0) (  36,    3) (  36,   31) (  18,   38) (   0,   18) (   0,    0) (   0,    0) (  36,    3) (  36,   31)
          (  18,   38) (   0,   18) (   0,    0) (   0,    0) (  36,    3) (  36,   31) (  18,   38) (   0,   18) (   0,    0) (   0,    0)
          (  36,    3) (  36,   31) (  18,   38) (   0,   18) (   0,    0) (   0,    0) (  36,    3) (  36,   31) (  18,   38) (   0,   18)
          (   0,    0) (   0,    0) (  36,    3) (  36,   31) (  18,   38) (   0,   18) (   0,    0) (   0,    0) (  36,    3) (  36,   31)
          (  18,   38) (   0,   18) (   0,    0) (   0,    0) (  36,    3) (  36,   31) (  18,   38) (   0,   18) (   0,    0) (   0,    0)
          (  36,    3) (  36,   31) (  18,   38) (   0,   18) (   0,    0) (   0,    0) (  36,    3) (  36,   31) (  18,   38) (   0,   18)
          (   0,    0) (   0,    0) (  36,    3) (  36,   31) (  18,   38) (   0,   18) (   0,    0) (   0,    0) (  36,    3) (  36,   31)
          (  18,   38) (   0,   18) (   0,    0) (   0,    0) (  36,    3) (  36,   31) (  18,   38) (   0,   18) (   0,    0) (   0,    0)
          (  36,    3) (  36,   31) (  18,   38) (   0,   18) (   0,    0) (   0,    0) (  36,    3) (  36,   31) (  18,   38) (   0,   18)
          (   0,    0) (   0,    0) (  36,    3) (  36,   31) (  18,   38) (   0,   18) (   0,    0) (   0,    0) (  36,    3) (  36,   31)
          (  18,   38) (   0,   18) (   0,    0) (   0,    0) (  36,    3) (  36,   31) (  18,   38) (   0,   18) (   0,    0) (   0,    0)
          (  36,    3) (  36,   31) (  18,   38) (   0,   18) (   0,    0) (   0,    0) (  36,    3) (  36,   31) (  18,   38) (   0,   18)
          (   0,    0) (   0,    0) (  36,    3) (  36,   31) (  18,   38) (   0,   18) (   0,    0) (   0,    0) (  36,    3) (  36,   31)
         
node   5 sent_total  10246  recv_total  10220

node   6  (   0,    0) (   1,    0) (   0,    0) (   0,    1) (   0,    0) (   0,    0) (   0,    0) (   2,    1) (   2,    2) (   5,    4)
          (   0,    5) (   0,    3) (   0,    0) (  10,    1) (  40,   13) (  40,   34) (  20,   42) (   0,   20) (   0,    0) (  10,    1)
          (  40,   13) (  40,   34) (  20,   42) (   0,   20) (   0,    0) (  10,    1) (  40,   13) (  40,   34) (  20,   42) (   0,   20)
          (   0,    0) (  10,    1) (  40,   13) (  40,   34) (  20,   42) (   0,   20) (   0,    0) (  10,    1) (  40,   13) (  40,   34)
          (  20,   42) (   0,   20) (   0,    0) (  10,    1) (  40,   13) (  40,   34) (  20,   42) (   0,   20) (   0,    0) (  10,    1)
          (  40,   13) (  35,   34) (  18,   36) (   0,   19) (   0,    1) (  10,    1) (  34,   12) (  33,   28) (  14,   32) (   0,   25)
          (   0,    1) (   9,    1) (  31,   10) (  28,   29) (  27,   36) (   0,   21) (   0,    0) (   9,    1) (  38,   13) (  27,   28)
          (  27,   34) (   0,   25) (   0,    0) (   0,    0) (  43,   11) (  36,   29) (  16,   39) (   0,   21) (   0,    1) (  10,    1)
          (  37,   12) (  37,   28) (   9,   35) (   9,   22) (   0,    2) (  10,    1) (  37,   12) (  26,   27) (  25,   35) (   0,   23)
          (   0,    0) (   8,    1) (  26,   10) (  46,   31) (  19,   39) (   0,   17) (   0,    2) (   9,    1) (  34,   10) (  30,   32)
          (  18,   34) (   0,   20) (   0,    0) (   0,    0) (  30,    2) (  37,   19) (  26,   39) (   0,   19) (   0,    1) (   0,    0)
          (  34,    3) (  35,   24) (  18,   35) (   0,   17) (   0,    3) (   0,    0) (  35,    3) (  32,   25) (  17,   37) (   0,   16)
          (   0,    0) (   0,    0) (  24,    2) (  34,   24) (  15,   34) (   8,   19) (   0,    1) (   0,    0) (  33,    3) (  32,   26)
          (  17,   33) (   0,   20) (   0,    1) (   0,    0) (  35,    3) (  24,   22) (  25,   36) (   0,   18) (   0,    1) (   0,    0)
          (  34,    3) (  36,   24) (   0,   38) (  14,   14) (   0,    3) (   0,    0) (  34,    3) (  25,   24) (  26,   33) (   0,   17)
          (   0,    1) (   0,    0) (  35,    3) (  23,   27) (  24,   34) (   0,   20) (   0,    0) (   0,    0) (  31,    3) (  27,   27)
          (   0,   30) (  16,   20) (   0,    3) (   0,    0) (  30,    3) (  23,   25) (  15,   28) (   8,   17) (   0,    4) (   0,    0)
          (  34,    3) (  33,   26) (   8,   32) (   9,   15) (   0,    3) (   0,    0) (  26,    2) (  41,   26) (  17,   36) (   0,   19)
          (   0,    0) (   0,    0) (  32,    3) (  31,   26) (  17,   34) (   0,   15) (   0,    1) (   0,    0) (  25,    2) (  42,   24)
          (  16,   38) (   0,   19) (   0,    1) (   0,    0) (  29,    3) (  34,   27) (  16,   36) (   0,   17) (   0,    0) (   0,    0)
          (  24,    2) (  33,   25) (  25,   35) (   0,   17) (   0,    4) (   0,    0) (  24,    2) (  31,   23) (  24,   35) (   0,   18)
          (   0,    2) (   0,    0) (  33,    3) (  30,   26) (  16,   36) (   0,   14) (   0,    3) (   0,    0) (  24,    2) (  34,   26)
          (  23,   32) (   0,   19) (   0,    2) (   0,    0) (  25,    2) (  30,   24) (  24,   33) (   0,   22) (   0,    0) (   0,    0)
          (  30,    3) (  30,   25) (  16,   30) (   0,   19) (   0,    2) (   0,    0) (  29,    3) (  33,   25) (  16,   33) (   0,   18)
          (   0,    1) (   0,    0) (  30,    3) (  36,   26) (  16,   29) (   0,   18) (   0,    4) (   0,    0) (  30,    3) (  17,   22)
          (  28,   34) (   0,   12) (   0,    2) (   0,    0) (  33,    3) (  15,   25) (  26,   34) (   9,   18) (   0,    4) (   0,    0)
          (  22,    2) (  41,   27) (  18,   31) (   0,   21) (   0,    0) (   0,    0) (  27,    2) (  38,   25) (  16,   36) (   0,   17)
          (   0,    0) (   0,    0) (  35,    3) (  34,   27) (  15,   31) (   0,   20) (   0,    0) (   0,    0) (  30,    3) (  33,   23)
          (  17,   32) (   0,   19) (   0,    1) (   0,    0) (  36,    3) (  30,   29) (  17,   31) (   0,   19) (   0,    2) (   0,    0)
          (  32,    3) (  31,   26) (  16,   30) (   0,   21) (   0,    0) (   0,    0) (  33,    3) (  31,   27) (  16,   33) (   0,   15)
          (   0,    2) (   0,    0) (  36,    3) (  36,   31) (  18,   38) (   0,   18) (   0,    0) (   0,    0) (  36,    3) (  36,   31)
          (  18,   38) (   0,   18) (   0,    0) (   0,    0) (  36,    3) (  36,   31) (  18,   38) (   0,   18) (   0,    0) (   0,    0)
          (  36,    3) (  36,   31) (  18,   38) (   0,   18) (   0,    0) (   0,    0) (  36,    3) (  36,   31) (  18,   38) (   0,   18)
          (   0,    0) (   0,    0) (  36,    3) (  36,   31) (  18,   38) (   0,   18) (   0,    0) (   0,    0) (  36,    3) (  36,   31)
          (  18,   38) (   0,   18) (   0,    0) (   0,    0) (  36,    3) (  36,   31) (  18,   38) (   0,   18) (   0,    0) (   0,    0)
          (  36,    3) (  36,   31) (  18,   38) (   0,   18) (   0,    0) (   0,    0) (  36,    3) (  36,   31) (  18,   38) (   0,   18)
          (   0,    0) (   0,    0) (  36,    3) (  36,   31) (  18,   38) (   0,   18) (   0,    0) (   0,    0) (  36,    3) (  36,   31)
          (  18,   38) (   0,   18) (   0,    0) (   0,    0) (  36,    3) (  36,   31) (  18,   38) (   0,   18) (   0,    0) (   0,    0)
          (  36,    3) (  36,   31) (  18,   38) (   0,   18) (   0,    0) (   0,    0) (  36,    3) (  36,   31) (  18,   38) (   0,   18)
          (   0,    0) (   0,    0) (  36,    3) (  36,   31) (  18,   38) (   0,   18) (   0,    0) (   0,    0) (  36,    3) (  36,   31)
          (  18,   38) (   0,   18) (   0,    0) (   0,    0) (  36,    3) (  36,   31) (  18,   38) (   0,   18) (   0,    0) (   0,    0)
          (  36,    3) (  36,   31) (  18,   38) (   0,   18) (   0,    0) (   0,    0) (  36,    3) (  36,   31) (  18,   38) (   0,   18)
          (   0,    0) (   0,    0) (  36,    3) (  36,   31) (  18,   38) (   0,   18) (   0,    0) (   0,    0) (  36,    3) (  36,   31)
          (  18,   38) (   0,   18) (   0,    0) (   0,    0) (  36,    3) (  36,   31) (  18,   38) (   0,   18) (   0,    0) (   0,    0)
          (  36,    3) (  36,   31) (  18,   38) (   0,   18) (   0,    0) (   0,    0) (  36,    3) (  36,   31) (  18,   38) (   0,   18)
          (   0,    0) (   0,    0) (  36,    3) (  36,   31) (  18,   38) (   0,   18) (   0,    0) (   0,    0) (  36,    3) (  36,   31)
          (  18,   38) (   0,   18) (   0,    0) (   0,    0) (  36,    3) (  36,   31) (  18,   38) (   0,   18) (   0,    0) (   0,    0)
          (  36,    3) (  36,   31) (  18,   38) (   0,   18) (   0,    0) (   0,    0) (  36,    3) (  36,   31) (  18,   38) (   0,   18)
          (   0,    0) (   0,    0) (  36,    3) (  36,   31) (  18,   38) (   0,   18) (   0,    0) (   0,    0) (  36,    3) (  36,   31)
          (  18,   38) (   0,   18) (   0,    0) (   0,    0) (  36,    3) (  36,   31) (  18,   38) (   0,   18) (   0,    0) (   0,    0)
          (  36,    3) (  36,   31) (  18,   38) (   0,   18) (   0,    0) (   0,    0) (  36,    3) (  36,   31) (  18,   38) (   0,   18)
          (   0,    0) (   0,    0) (  36,    3) (  36,   31) (  18,   38) (   0,   18) (   0,    0) (   0,    0) (  36,    3) (  36,   31)
          (  18,   38) (   0,   18) (   0,    0) (   0,    0) (  36,    3) (  36,   31) (  18,   38) (   0,   18) (   0,    0) (   0,    0)
          (  36,    3) (  36,   31) (  18,   38) (   0,   18) (   0,    0) (   0,    0) (  36,    3) (  36,   31) (  18,   38) (   0,   18)
          (   0,    0) (   0,    0) (  36,    3) (  36,   31) (  18,   38) (   0,   18) (   0,    0) (   0,    0) (  36,    3) (  36,   31)
          (  18,   38) (   0,   18) (   0,    0) (   0,    0) (  36,    3) (  36,   31) (  18,   38) (   0,   18) (   0,    0) (   0,    0)
          (  36,    3) (  36,   31) (  18,   38) (   0,   18) (   0,    0) (   0,    0) (  36,    3) (  36,   31) (  18,   38) (   0,   18)
          (   0,    0) (   0,    0) (  36,    3) (  36,   31) (  18,   38) (   0,   18) (   0,    0) (   0,    0) (  36,    3) (  36,   31)
          (  18,   38) (   0,   18) (   0,    0) (   0,    0) (  36,    3) (  36,   31) (  18,   38) (   0,   18) (   0,    0) (   0,    0)
          (  36,    3) (  36,   31) (  18,   38) (   0,   18) (   0,    0) (   0,    0) (  36,    3) (  36,   31) (  18,   38) (   0,   18)
          (   0,    0) (   0,    0) (  36,    3) (  36,   31) (  18,   38) (   0,   18) (   0,    0) (   0,    0) (  36,    3) (  36,   31)
          (  18,   38) (   0,   18) (   0,    0) (   0,    0) (  36,    3) (  36,   31) (  18,   38) (   0,   18) (   0,    0) (   0,    0)
          (  36,    3) (  36,   31) (  18,   38) (   0,   18) (   0,    0) (   0,    0) (  36,    3) (  36,   31) (  18,   38) (   0,   18)
          (   0,    0) (   0,    0) (  36,    3) (  36,   31) (  18,   38) (   0,   18) (   0,    0) (   0,    0) (  36,    3) (  36,   31)
          (  18,   38) (   0,   18) (   0,    0) (   0,    0) (  36,    3) (  36,   31) (  18,   38) (   0,   18) (   0,    0) (   0,    0)
          (  36,    3) (  36,   31) (  18,   38) (   0,   18) (   0,    0) (   0,    0) (  36,    3) (  36,   31) (  18,   38) (   0,   18)
          (   0,    0) (   0,    0) (  36,    3) (  36,   31) (  18,   38) (   0,   18) (   0,    0) (   0,    0) (  36,    3) (  36,   31)
          (  18,   38) (   0,   18) (   0,    0) (   0,    0) (  36,    3) (  36,   31) (  18,   38) (   0,   18) (   0,    0) (   0,    0)
          (  36,    3) (  36,   31) (  18,   38) (   0,   18) (   0,    0) (   0,    0) (  36,    3) (  36,   31) (  18,   38) (   0,   18)
          (   0,    0) (   0,    0) (  36,    3) (  36,   31) (  18,   38) (   0,   18) (   0,    0) (   0,    0) (  36,    3) (  36,   31)
         
node   6 sent_total  10241  recv_total  10212

node   7  (   0,    0) (   1,    0) (   0,    0) (   0,    1) (   0,    0) (   0,    0) (   0,    0) (   2,    1) (   2,    2) (   5,    4)
          (   0,    5) (   0,    4) (   0,    0) (  10,    1) (  40,   13) (  40,   34) (  20,   42) (   0,   20) (   0,    0) (  10,    1)
          (  40,   13) (  40,   34) (  20,   42) (   0,   20) (   0,    0) (  10,    1) (  40,   13) (  40,   34) (  20,   42) (   0,   20)
          (   0,    0) (  10,    1) (  40,   13) (  40,   34) (  20,   42) (   0,   20) (   0,    0) (  10,    1) (  40,   13) (  40,   34)
          (  20,   42) (   0,   20) (   0,    0) (  10,    1) (  40,   13) (  40,   34) (  20,   42) (   0,   20) (   0,    0) (  10,    1)
          (  40,   13) (  33,   34) (  18,   38) (   0,   16) (   0,    1) (  10,    1) (  32,   13) (  18,   29) (  28,   34) (  10,   23)
          (   0,    1) (  10,    1) (  37,   11) (  31,   29) (  17,   34) (   0,   22) (   0,    0) (   9,    1) (  34,   13) (  31,   30)
          (  17,   30) (   0,   27) (   0,    0) (   9,    1) (  34,   11) (  36,   31) (  18,   41) (   0,   21) (   0,    1) (   9,    1)
          (  35,   12) (  28,   28) (  27,   40) (   0,   20) (   0,    1) (  10,    1) (  36,   11) (  29,   28) (  27,   34) (   0,   22)
          (   0,    0) (   0,    0) (  40,   10) (  44,   31) (  17,   38) (   0,   18) (   0,    2) (   9,    1) (  28,    9) (  35,   34)
          (  29,   39) (   0,   20) (   0,    0) (   0,    0) (  35,    3) (  28,   21) (  27,   38) (   0,   19) (   0,    1) (   0,    0)
          (  36,    3) (  37,   24) (   7,   33) (   9,   12) (   0,    4) (   0,    0) (  36,    3) (  35,   26) (  18,   33) (   0,   14)
          (   0,    0) (   0,    0) (  35,    3) (  32,   25) (  17,   37) (   0,   20) (   0,    1) (   0,    0) (  22,    2) (  34,   25)
          (  22,   33) (   0,   20) (   0,    1) (   0,    0) (  31,    3) (  26,   26) (  27,   38) (   0,   19) (   0,    1) (   0,    0)
          (  35,    3) (  33,   25) (  18,   36) (   0,   15) (   0,    3) (   0,    0) (  29,    3) (  26,   25) (  24,   34) (   0,   17)
          (   0,    2) (   0,    0) (  23,    2) (  38,   25) (  17,   33) (   0,   20) (   0,    0) (   0,    0) (  33,    3) (  24,   23)
          (  25,   30) (   0,   19) (   0,    3) (   0,    0) (  31,    3) (  27,   27) (  26,   28) (   0,   18) (   0,    3) (   0,    0)
          (  33,    3) (  32,   23) (   9,   33) (   5,   15) (   0,    2) (   0,    0) (  29,    3) (  34,   24) (  16,   34) (   0,   20)
          (   0,    0) (   0,    0) (  26,    2) (  42,   28) (  17,   35) (   0,   16) (   0,    2) (   0,    0) (  31,    3) (  26,   22)
          (  24,   39) (   0,   18) (   0,    1) (   0,    0) (  34,    3) (  34,   23) (  18,   36) (   0,   18) (   0,    0) (   0,    0)
          (  27,    3) (  36,   23) (   8,   34) (   8,   17) (   0,    2) (   0,    0) (  25,    2) (  41,   22) (   9,   35) (   9,   18)
          (   0,    2) (   0,    0) (  31,    3) (  25,   27) (  24,   33) (   0,   16) (   0,    4) (   0,    0) (  34,    3) (  34,   29)
          (  18,   34) (   0,   22) (   0,    2) (   0,    0) (  33,    3) (  32,   24) (  16,   34) (   0,   21) (   0,    0) (   0,    0)
          (  31,    3) (  33,   29) (  17,   32) (   0,   20) (   0,    2) (   0,    0) (  33,    3) (  33,   28) (  16,   35) (   0,   21)
          (   0,    1) (   0,    0) (  31,    3) (  16,   23) (  34,   32) (   0,   19) (   0,    4) (   0,    0) (  35,    3) (  35,   26)
          (  16,   35) (   0,   15) (   0,    2) (   0,    0) (  32,    3) (  32,   27) (   9,   27) (   9,   19) (   0,    4) (   0,    0)
          (  31,    3) (  33,   27) (  16,   30) (   0,   24) (   0,    0) (   0,    0) (  32,    3) (  35,   27) (  18,   37) (   0,   18)
          (   0,    0) (   0,    0) (  32,    3) (  33,   25) (  18,   31) (   0,   22) (   0,    0) (   0,    0) (  34,    3) (  26,   25)
          (  25,   31) (   0,   15) (   0,    1) (   0,    0) (  32,    3) (  32,   28) (  16,   31) (   0,   18) (   0,    2) (   0,    0)
          (  24,    2) (  30,   27) (  27,   34) (   0,   21) (   0,    0) (   0,    0) (  24,    2) (  33,   26) (  18,   33) (   9,   16)
          (   0,    2) (   0,    0) (  36,    3) (  36,   31) (  18,   38) (   0,   18) (   0,    0) (   0,    0) (  36,    3) (  36,   31)
          (  18,   38) (   0,   18) (   0,    0) (   0,    0) (  36,    3) (  36,   31) (  18,   38) (   0,   18) (   0,    0) (   0,    0)
          (  36,    3) (  36,   31) (  18,   38) (   0,   18) (   0,    0) (   0,    0) (  36,    3) (  36,   31) (  18,   38) (   0,   18)
          (   0,    0) (   0,    0) (  36,    3) (  36,   31) (  18,   38) (   0,   18) (   0,    0) (   0,    0) (  36,    3) (  36,   31)
          (  18,   38) (   0,   18) (   0,    0) (   0,    0) (  36,    3) (  36,   31) (  18,   38) (   0,   18) (   0,    0) (   0,    0)
          (  36,    3) (  36,   31) (  18,   38) (   0,   18) (   0,    0) (   0,    0) (  36,    3) (  36,   31) (  18,   38) (   0,   18)
          (   0,    0) (   0,    0) (  36,    3) (  36,   31) (  18,   38) (   0,   18) (   0,    0) (   0,    0) (  36,    3) (  36,   31)
          (  18,   38) (   0,   18) (   0,    0) (   0,    0) (  36,    3) (  36,   31) (  18,   38) (   0,   18) (   0,    0) (   0,    0)
          (  36,    3) (  36,   31) (  18,   38) (   0,   18) (   0,    0) (   0,    0) (  36,    3) (  36,   31) (  18,   38) (   0,   18)
          (   0,    0) (   0,    0) (  36,    3) (  36,   31) (  18,   38) (   0,   18) (   0,    0) (   0,    0) (  36,    3) (  36,   31)
          (  18,   38) (   0,   18) (   0,    0) (   0,    0) (  36,    3) (  36,   31) (  18,   38) (   0,   18) (   0,    0) (   0,    0)
          (  36,    3) (  36,   31) (  18,   38) (   0,   18) (   0,    0) (   0,    0) (  36,    3) (  36,   31) (  18,   38) (   0,   18)
          (   0,    0) (   0,    0) (  36,    3) (  36,   31) (  18,   38) (   0,   18) (   0,    0) (   0,    0) (  36,    3) (  36,   31)
          (  18,   38) (   0,   18) (   0,    0) (   0,    0) (  36,    3) (  36,   31) (  18,   38) (   0,   18) (   0,    0) (   0,    0)
          (  36,    3) (  36,   31) (  18,   38) (   0,   18) (   0,    0) (   0,    0) (  36,    3) (  36,   31) (  18,   38) (   0,   18)
          (   0,    0) (   0,    0) (  36,    3) (  36,   31) (  18,   38) (   0,   18) (   0,    0) (   0,    0) (  36,    3) (  36,   31)
          (  18,   38) (   0,   18) (   0,    0) (   0,    0) (  36,    3) (  36,   31) (  18,   38) (   0,   18) (   0,    0) (   0,    0)
          (  36,    3) (  36,   31) (  18,   38) (   0,   18) (   0,    0) (   0,    0) (  36,    3) (  36,   31) (  18,   38) (   0,   18)
          (   0,    0) (   0,    0) (  36,    3) (  36,   31) (  18,   38) (   0,   18) (   0,    0) (   0,    0) (  36,    3) (  36,   31)
          (  18,   38) (   0,   18) (   0,    0) (   0,    0) (  36,    3) (  36,   31) (  18,   38) (   0,   18) (   0,    0) (   0,    0)
          (  36,    3) (  36,   31) (  18,   38) (   0,   18) (   0,    0) (   0,    0) (  36,    3) (  36,   31) (  18,   38) (   0,   18)
          (   0,    0) (   0,    0) (  36,    3) (  36,   31) (  18,   38) (   0,   18) (   0,    0) (   0,    0) (  36,    3) (  36,   31)
          (  18,   38) (   0,   18) (   0,    0) (   0,    0) (  36,    3) (  36,   31) (  18,   38) (   0,   18) (   0,    0) (   0,    0)
          (  36,    3) (  36,   31) (  18,   38) (   0,   18) (   0,    0) (   0,    0) (  36,    3) (  36,   31) (  18,   38) (   0,   18)
          (   0,    0) (   0,    0) (  36,    3) (  36,   31) (  18,   38) (   0,   18) (   0,    0) (   0,    0) (  36,    3) (  36,   31)
          (  18,   38) (   0,   18) (   0,    0) (   0,    0) (  36,    3) (  36,   31) (  18,   38) (   0,   18) (   0,    0) (   0,    0)
          (  36,    3) (  36,   31) (  18,   38) (   0,   18) (   0,    0) (   0,    0) (  36,    3) (  36,   31) (  18,   38) (   0,   18)
          (   0,    0) (   0,    0) (  36,    3) (  36,   31) (  18,   38) (   0,   18) (   0,    0) (   0,    0) (  36,    3) (  36,   31)
          (  18,   38) (   0,   18) (   0,    0) (   0,    0) (  36,    3) (  36,   31) (  18,   38) (   0,   18) (   0,    0) (   0,    0)
          (  36,    3) (  36,   31) (  18,   38) (   0,   18) (   0,    0) (   0,    0) (  36,    3) (  36,   31) (  18,   38) (   0,   18)
          (   0,    0) (   0,    0) (  36,    3) (  36,   31) (  18,   38) (   0,   18) (   0,    0) (   0,    0) (  36,    3) (  36,   31)
          (  18,   38) (   0,   18) (   0,    0) (   0,    0) (  36,    3) (  36,   31) (  18,   38) (   0,   18) (   0,    0) (   0,    0)
          (  36,    3) (  36,   31) (  18,   38) (   0,   18) (   0,    0) (   0,    0) (  36,    3) (  36,   31) (  18,   38) (   0,   18)
          (   0,    0) (   0,    0) (  36,    3) (  36,   31) (  18,   38) (   0,   18) (   0,    0) (   0,    0) (  36,    3) (  36,   31)
          (  18,   38) (   0,   18) (   0,    0) (   0,    0) (  36,    3) (  36,   31) (  18,   38) (   0,   18) (   0,    0) (   0,    0)
          (  36,    3) (  36,   31) (  18,   38) (   0,   18) (   0,    0) (   0,    0) (  36,    3) (  36,   31) (  18,   38) (   0,   18)
          (   0,    0) (   0,    0) (  36,    3) (  36,   31) (  18,   38) (   0,   18) (   0,    0) (   0,    0) (  36,    3) (  36,   31)
          (  18,   38) (   0,   18) (   0,    0) (   0,    0) (  36,    3) (  36,   31) (  18,   38) (   0,   18) (   0,    0) (   0,    0)
          (  36,    3) (  36,   31) (  18,   38) (   0,   18) (   0,    0) (   0,    0) (  36,    3) (  36,   31) (  18,   38) (   0,   18)
          (   0,    0) (   0,    0) (  36,    3) (  36,   31) (  18,   38) (   0,   18) (   0,    0) (   0,    0) (  36,    3) (  36,   31)
         
node   7 sent_total  10300  recv_total  10249

node   8  (   0,    0) (   1,    0) (   0,    0) (   0,    1) (   0,    0) (   0,    0) (   0,    0) (   2,    1) (   2,    2) (   5,    4)
          (   0,    5) (   0,    3) (   0,    0) (  10,    1) (  40,   13) (  40,   34) (  20,   42) (   0,   20) (   0,    0) (  10,    1)
          (  40,   13) (  40,   34) (  20,   42) (   0,   20) (   0,    0) (  10,    1) (  40,   13) (  40,   34) (  20,   42) (   0,   20)
          (   0,    0) (  10,    1) (  40,   13) (  40,   34) (  20,   42) (   0,   20) (   0,    0) (  10,    1) (  40,   13) (  40,   34)
          (  20,   42) (   0,   20) (   0,    0) (  10,    1) (  40,   13) (  40,   34) (  20,   42) (   0,   20) (   0,    0) (  10,    1)
          (  40,   13) (  37,   34) (  18,   36) (   0,   17) (   0,    1) (  10,    1) (  36,   12) (  25,   28) (  28,   37) (   0,   21)
          (   0,    1) (  10,    1) (  29,   10) (  42,   27) (  18,   37) (   0,   20) (   0,    0) (  10,    1) (  33,   12) (  36,   30)
          (  19,   33) (   0,   25) (   0,    0) (   0,    0) (  28,    9) (  58,   28) (   9,   38) (   9,   19) (   0,    1) (   8,    1)
          (  35,   12) (  38,   29) (   9,   36) (  10,   21) (   0,    2) (  10,    1) (  37,   11) (  25,   30) (  25,   31) (   0,   21)
          (   0,    1) (  10,    1) (  36,   10) (  28,   28) (  27,   36) (   0,   19) (   0,    2) (   9,    1) (  38,   10) (  36,   35)
          (  19,   36) (   0,   20) (   0,    0) (   0,    0) (  19,    1) (  45,   21) (  19,   35) (   8,   20) (   0,    1) (   0,    0)
          (  37,    3) (  29,   24) (  25,   37) (   0,   14) (   0,    4) (   0,    0) (  34,    3) (  37,   26) (  16,   35) (   0,   15)
          (   0,    0) (   0,    0) (  23,    2) (  42,   23) (  17,   36) (   0,   19) (   0,    1) (   0,    0) (  25,    2) (  43,   23)
          (  15,   35) (   0,   17) (   0,    1) (   0,    0) (  24,    2) (  43,   27) (  17,   36) (   0,   20) (   0,    1) (   0,    0)
          (  30,    3) (  34,   25) (  18,   31) (   0,   15) (   0,    3) (   0,    0) (  24,    2) (  38,   26) (  15,   33) (   0,   18)
          (   0,    2) (   0,    0) (  32,    3) (  34,   26) (  16,   33) (   0,   20) (   0,    0) (   0,    0) (  26,    2) (  33,   24)
          (  17,   31) (   8,   17) (   0,    3) (   0,    0) (  31,    3) (  28,   30) (  17,   30) (   0,   18) (   0,    4) (   0,    0)
          (  30,    3) (  26,   23) (  16,   37) (   9,   16) (   0,    3) (   0,    0) (  33,    3) (  31,   24) (  17,   35) (   0,   19)
          (   0,    0) (   0,    0) (  25,    2) (  41,   25) (  13,   35) (   0,   15) (   0,    2) (   0,    0) (  31,    3) (  36,   23)
          (  14,   38) (   0,   17) (   0,    1) (   0,    0) (  30,    3) (  32,   25) (  17,   35) (   0,   19) (   0,    0) (   0,    0)
          (  24,    2) (  41,   23) (   8,   35) (   6,   16) (   0,    2) (   0,    0) (  34,    3) (  33,   24) (   6,   36) (   6,   18)
          (   0,    1) (   0,    0) (  26,    2) (  43,   25) (  17,   32) (   0,   13) (   0,    4) (   0,    0) (  30,    3) (  33,   23)
          (  16,   30) (   0,   22) (   0,    1) (   0,    0) (  25,    2) (  42,   25) (  18,   34) (   0,   22) (   0,    0) (   0,    0)
          (  32,    3) (  32,   26) (  17,   32) (   0,   20) (   0,    2) (   0,    0) (  25,    2) (  30,   24) (  17,   30) (   8,   21)
          (   0,    1) (   0,    0) (  24,    2) (  32,   24) (  17,   29) (   7,   18) (   0,    2) (   0,    0) (  31,    3) (  25,   24)
          (  24,   32) (   0,   18) (   0,    2) (   0,    0) (  31,    3) (  23,   23) (  17,   30) (   9,   17) (   0,    4) (   0,    0)
          (  31,    3) (  34,   23) (  17,   33) (   0,   22) (   0,    0) (   0,    0) (  32,    3) (  32,   26) (  15,   34) (   0,   19)
          (   0,    0) (   0,    0) (  30,    3) (  33,   28) (  15,   31) (   0,   21) (   0,    0) (   0,    0) (  23,    2) (  40,   27)
          (  15,   36) (   0,   21) (   0,    1) (   0,    0) (  33,    3) (  25,   28) (  26,   33) (   0,   17) (   0,    2) (   0,    0)
          (  32,    3) (  23,   21) (  25,   36) (   0,   19) (   0,    0) (   0,    0) (  32,    3) (  33,   27) (  17,   31) (   0,   19)
          (   0,    2) (   0,    0) (  36,    3) (  36,   31) (  18,   38) (   0,   18) (   0,    0) (   0,    0) (  36,    3) (  36,   31)
          (  18,   38) (   0,   18) (   0,    0) (   0,    0) (  36,    3) (  36,   31) (  18,   38) (   0,   18) (   0,    0) (   0,    0)
          (  36,    3) (  36,   31) (  18,   38) (   0,   18) (   0,    0) (   0,    0) (  36,    3) (  36,   31) (  18,   38) (   0,   18)
          (   0,    0) (   0,    0) (  36,    3) (  36,   31) (  18,   38) (   0,   18) (   0,    0) (   0,    0) (  36,    3) (  36,   31)
          (  18,   38) (   0,   18) (   0,    0) (   0,    0) (  36,    3) (  36,   31) (  18,   38) (   0,   18) (   0,    0) (   0,    0)
          (  36,    3) (  36,   31) (  18,   38) (   0,   18) (   0,    0) (   0,    0) (  36,    3) (  36,   31) (  18,   38) (   0,   18)
          (   0,    0) (   0,    0) (  36,    3) (  36,   31) (  18,   38) (   0,   18) (   0,    0) (   0,    0) (  36,    3) (  36,   31)
          (  18,   38) (   0,   18) (   0,    0) (   0,    0) (  36,    3) (  36,   31) (  18,   38) (   0,   18) (   0,    0) (   0,    0)
          (  36,    3) (  36,   31) (  18,   38) (   0,   18) (   0,    0) (   0,    0) (  36,    3) (  36,   31) (  18,   38) (   0,   18)
          (   0,    0) (   0,    0) (  36,    3) (  36,   31) (  18,   38) (   0,   18) (   0,    0) (   0,    0) (  36,    3) (  36,   31)
          (  18,   38) (   0,   18) (   0,    0) (   0,    0) (  36,    3) (  36,   31) (  18,   38) (   0,   18) (   0,    0) (   0,    0)
          (  36,    3) (  36,   31) (  18,   38) (   0,   18) (   0,    0) (   0,    0) (  36,    3) (  36,   31) (  18,   38) (   0,   18)
          (   0,    0) (   0,    0) (  36,    3) (  36,   31) (  18,   38) (   0,   18) (   0,    0) (   0,    0) (  36,    3) (  36,   31)
          (  18,   38) (   0,   18) (   0,    0) (   0,    0) (  36,    3) (  36,   31) (  18,   38) (   0,   18) (   0,    0) (   0,    0)
          (  36,    3) (  36,   31) (  18,   38) (   0,   18) (   0,    0) (   0,    0) (  36,    3) (  36,   31) (  18,   38) (   0,   18)
          (   0,    0) (   0,    0) (  36,    3) (  36,   31) (  18,   38) (   0,   18) (   0,    0) (   0,    0) (  36,    3) (  36,   31)
          (  18,   38) (   0,   18) (   0,    0) (   0,    0) (  36,    3) (  36,   31) (  18,   38) (   0,   18) (   0,    0) (   0,    0)
          (  36,    3) (  36,   31) (  18,   38) (   0,   18) (   0,    0) (   0,    0) (  36,    3) (  36,   31) (  18,   38) (   0,   18)
          (   0,    0) (   0,    0) (  36,    3) (  36,   31) (  18,   38) (   0,   18) (   0,    0) (   0,    0) (  36,    3) (  36,   31)
          (  18,   38) (   0,   18) (   0,    0) (   0,    0) (  36,    3) (  36,   31) (  18,   38) (   0,   18) (   0,    0) (   0,    0)
          (  36,    3) (  36,   31) (  18,   38) (   0,   18) (   0,    0) (   0,    0) (  36,    3) (  36,   31) (  18,   38) (   0,   18)
          (   0,    0) (   0,    0) (  36,    3) (  36,   31) (  18,   38) (   0,   18) (   0,    0) (   0,    0) (  36,    3) (  36,   31)
          (  18,   38) (   0,   18) (   0,    0) (   0,    0) (  36,    3) (  36,   31) (  18,   38) (   0,   18) (   0,    0) (   0,    0)
          (  36,    3) (  36,   31) (  18,   38) (   0,   18) (   0,    0) (   0,    0) (  36,    3) (  36,   31) (  18,   38) (   0,   18)
          (   0,    0) (   0,    0) (  36,    3) (  36,   31) (  18,   38) (   0,   18) (   0,    0) (   0,    0) (  36,    3) (  36,   31)
          (  18,   38) (   0,   18) (   0,    0) (   0,    0) (  36,    3) (  36,   31) (  18,   38) (   0,   18) (   0,    0) (   0,    0)
          (  36,    3) (  36,   31) (  18,   38) (   0,   18) (   0,    0) (   0,    0) (  36,    3) (  36,   31) (  18,   38) (   0,   18)
          (   0,    0) (   0,    0) (  36,    3) (  36,   31) (  18,   38) (   0,   18) (   0,    0) (   0,    0) (  36,    3) (  36,   31)
          (  18,   38) (   0,   18) (   0,    0) (   0,    0) (  36,    3) (  36,   31) (  18,   38) (   0,   18) (   0,    0) (   0,    0)
          (  36,    3) (  36,   31) (  18,   38) (   0,   18) (   0,    0) (   0,    0) (  36,    3) (  36,   31) (  18,   38) (   0,   18)
          (   0,    0) (   0,    0) (  36,    3) (  36,   31) (  18,   38) (   0,   18) (   0,    0) (   0,    0) (  36,    3) (  36,   31)
          (  18,   38) (   0,   18) (   0,    0) (   0,    0) (  36,    3) (  36,   31) (  18,   38) (   0,   18) (   0,    0) (   0,    0)
          (  36,    3) (  36,   31) (  18,   38) (   0,   18) (   0,    0) (   0,    0) (  36,    3) (  36,   31) (  18,   38) (   0,   18)
          (   0,    0) (   0,    0) (  36,    3) (  36,   31) (  18,   38) (   0,   18) (   0,    0) (   0,    0) (  36,    3) (  36,   31)
          (  18,   38) (   0,   18) (   0,    0) (   0,    0) (  36,    3) (  36,   31) (  18,   38) (   0,   18) (   0,    0) (   0,    0)
          (  36,    3) (  36,   31) (  18,   38) (   0,   18) (   0,    0) (   0,    0) (  36,    3) (  36,   31) (  18,   38) (   0,   18)
          (   0,    0) (   0,    0) (  36,    3) (  36,   31) (  18,   38) (   0,   18) (   0,    0) (   0,    0) (  36,    3) (  36,   31)
          (  18,   38) (   0,   18) (   0,    0) (   0,    0) (  36,    3) (  36,   31) (  18,   38) (   0,   18) (   0,    0) (   0,    0)
          (  36,    3) (  36,   31) (  18,   38) (   0,   18) (   0,    0) (   0,    0) (  36,    3) (  36,   31) (  18,   38) (   0,   18)
          (   0,    0) (   0,    0) (  36,    3) (  36,   31) (  18,   38) (   0,   18) (   0,    0) (   0,    0) (  36,    3) (  36,   31)
         
node   8 sent_total  10279  recv_total  10196

node   9  (   0,    0) (   0,    0) (   1,    0) (   0,    0) (   0,    1) (   0,    0) (   0,    0) (   2,    1) (   0,    2) (   5,    3)
          (   7,    5) (   0,    3) (   0,    0) (  10,    1) (  30,   13) (  50,   34) (  20,   42) (   0,   20) (   0,    0) (  10,    1)
          (  30,   13) (  50,   34) (  20,   42) (   0,   20) (   0,    0) (  10,    1) (  30,   13) (  50,   34) (  20,   42) (   0,   20)
          (   0,    0) (  10,    1) (  30,   13) (  50,   34) (  20,   42) (   0,   20) (   0,    0) (  10,    1) (  30,   13) (  50,   34)
          (  20,   42) (   0,   20) (   0,    0) (  10,    1) (  30,   13) (  50,   34) (  20,   42) (   0,   20) (   0,    0) (  10,    1)
          (  30,   13) (  44,   34) (  15,   37) (   0,   17) (   0,    1) (   7,    1) (  29,   11) (  46,   29) (  20,   36) (   0,   22)
          (   0,    1) (   7,    1) (  16,   10) (  53,   27) (  17,   39) (   0,   22) (   0,    0) (   8,    1) (  24,   12) (  28,   26)
          (  37,   33) (   0,   27) (   0,    0) (   8,    1) (  18,    8) (  55,   33) (  19,   39) (   0,   19) (   0,    1) (   9,    1)
          (  19,   11) (  44,   27) (  28,   37) (   0,   22) (   0,    2) (   9,    1) (  26,   10) (  44,   32) (  19,   35) (   0,   21)
          (   0,    1) (   9,    1) (  29,   10) (  46,   31) (  18,   39) (   0,   21) (   0,    2) (   9,    1) (  29,   10) (  44,   29)
          (  16,   36) (   0,   19) (   0,    0) (   0,    0) (  28,    3) (  37,   22) (  28,   36) (   0,   19) (   0,    1) (   0,    0)
          (  29,    3) (  38,   26) (  16,   35) (   9,   14) (   0,    3) (   0,    0) (  18,    2) (  52,   25) (  18,   38) (   0,   18)
          (   0,    0) (   0,    0) (  13,    2) (  45,   24) (  17,   38) (   0,   20) (   0,    1) (   0,    0) (  24,    3) (  32,   25)
          (  23,   37) (   0,   20) (   0,    1) (   0,    0) (  25,    3) (  43,   27) (  16,   33) (   0,   18) (   0,    1) (   0,    0)
          (  25,    3) (  41,   27) (   9,   35) (   9,   15) (   0,    4) (   0,    0) (  22,    3) (  44,   23) (   8,   32) (   9,   17)
          (   0,    2) (   0,    0) (  25,    3) (  35,   25) (  25,   37) (   0,   19) (   0,    0) (   0,    0) (  24,    3) (  22,   24)
          (  35,   29) (   0,   20) (   0,    2) (   0,    0) (  27,    3) (  32,   27) (  26,   31) (   0,   18) (   0,    3) (   0,    0)
          (  17,    2) (  40,   22) (  25,   34) (   0,   16) (   0,    3) (   0,    0) (  24,    3) (  32,   23) (  25,   37) (   0,   18)
          (   0,    0) (   0,    0) (  25,    3) (  39,   24) (  16,   36) (   0,   14) (   0,    2) (   0,    0) (  24,    3) (  42,   25)
          (   8,   32) (   9,   18) (   0,    1) (   0,    0) (  25,    3) (  40,   25) (  17,   34) (   0,   19) (   0,    0) (   0,    0)
          (  23,    3) (  41,   26) (  14,   33) (   0,   17) (   0,    4) (   0,    0) (  16,    2) (  42,   23) (  24,   37) (   0,   19)
          (   0,    1) (   0,    0) (  26,    3) (  38,   27) (   0,   34) (  16,   15) (   0,    4) (   0,    0) (  25,    3) (  32,   27)
          (  27,   32) (   0,   22) (   0,    1) (   0,    0) (  24,    3) (  18,   20) (  44,   33) (   0,   22) (   0,    0) (   0,    0)
          (  24,    3) (  38,   28) (  17,   31) (   0,   20) (   0,    1) (   0,    0) (  26,    3) (  33,   25) (  26,   33) (   0,   20)
          (   0,    0) (   0,    0) (  25,    3) (  37,   26) (  17,   30) (   0,   18) (   0,    3) (   0,    0) (  17,    2) (  50,   26)
          (  17,   33) (   0,   17) (   0,    3) (   0,    0) (  22,    3) (  38,   26) (   8,   27) (   8,   17) (   0,    4) (   0,    0)
          (  24,    3) (  36,   24) (  23,   32) (   0,   24) (   0,    0) (   0,    0) (  24,    3) (  37,   25) (  16,   35) (   0,   18)
          (   0,    0) (   0,    0) (  15,    2) (  41,   27) (  26,   32) (   0,   22) (   0,    0) (   0,    0) (  23,    3) (  40,   27)
          (  17,   35) (   0,   18) (   0,    1) (   0,    0) (  24,    3) (  34,   28) (  26,   29) (   0,   18) (   0,    2) (   0,    0)
          (  24,    3) (  40,   26) (  17,   33) (   0,   18) (   0,    0) (   0,    0) (  26,    3) (  32,   26) (  23,   34) (   0,   17)
          (   0,    2) (   0,    0) (  27,    3) (  45,   31) (  18,   38) (   0,   18) (   0,    0) (   0,    0) (  27,    3) (  45,   31)
          (  18,   38) (   0,   18) (   0,    0) (   0,    0) (  27,    3) (  45,   31) (  18,   38) (   0,   18) (   0,    0) (   0,    0)
          (  27,    3) (  45,   31) (  18,   38) (   0,   18) (   0,    0) (   0,    0) (  27,    3) (  45,   31) (  18,   38) (   0,   18)
          (   0,    0) (   0,    0) (  27,    3) (  45,   31) (  18,   38) (   0,   18) (   0,    0) (   0,    0) (  27,    3) (  45,   31)
          (  18,   38) (   0,   18) (   0,    0) (   0,    0) (  27,    3) (  45,   31) (  18,   38) (   0,   18) (   0,    0) (   0,    0)
          (  27,    3) (  45,   31) (  18,   38) (   0,   18) (   0,    0) (   0,    0) (  27,    3) (  45,   31) (  18,   38) (   0,   18)
          (   0,    0) (   0,    0) (  27,    3) (  45,   31) (  18,   38) (   0,   18) (   0,    0) (   0,    0) (  27,    3) (  45,   31)
          (  18,   38) (   0,   18) (   0,    0) (   0,    0) (  27,    3) (  45,   31) (  18,   38) (   0,   18) (   0,    0) (   0,    0)
          (  27,    3) (  45,   31) (  18,   38) (   0,   18) (   0,    0) (   0,    0) (  27,    3) (  45,   31) (  18,   38) (   0,   18)
          (   0,    0) (   0,    0) (  27,    3) (  45,   31) (  18,   38) (   0,   18) (   0,    0) (   0,    0) (  27,    3) (  45,   31)
          (  18,   38) (   0,   18) (   0,    0) (   0,    0) (  27,    3) (  45,   31) (  18,   38) (   0,   18) (   0,    0) (   0,    0)
          (  27,    3) (  45,   31) (  18,   38) (   0,   18) (   0,    0) (   0,    0) (  27,    3) (  45,   31) (  18,   38) (   0,   18)
          (   0,    0) (   0,    0) (  27,    3) (  45,   31) (  18,   38) (   0,   18) (   0,    0) (   0,    0) (  27,    3) (  45,   31)
          (  18,   38) (   0,   18) (   0,    0) (   0,    0) (  27,    3) (  45,   31) (  18,   38) (   0,   18) (   0,    0) (   0,    0)
          (  27,    3) (  45,   31) (  18,   38) (   0,   18) (   0,    0) (   0,    0) (  27,    3) (  45,   31) (  18,   38) (   0,   18)
          (   0,    0) (   0,    0) (  27,    3) (  45,   31) (  18,   38) (   0,   18) (   0,    0) (   0,    0) (  27,    3) (  45,   31)
          (  18,   38) (   0,   18) (   0,    0) (   0,    0) (  27,    3) (  45,   31) (  18,   38) (   0,   18) (   0,    0) (   0,    0)
          (  27,    3) (  45,   31) (  18,   38) (   0,   18) (   0,    0) (   0,    0) (  27,    3) (  45,   31) (  18,   38) (   0,   18)
          (   0,    0) (   0,    0) (  27,    3) (  45,   31) (  18,   38) (   0,   18) (   0,    0) (   0,    0) (  27,    3) (  45,   31)
          (  18,   38) (   0,   18) (   0,    0) (   0,    0) (  27,    3) (  45,   31) (  18,   38) (   0,   18) (   0,    0) (   0,    0)
          (  27,    3) (  45,   31) (  18,   38) (   0,   18) (   0,    0) (   0,    0) (  27,    3) (  45,   31) (  18,   38) (   0,   18)
          (   0,    0) (   0,    0) (  27,    3) (  45,   31) (  18,   38) (   0,   18) (   0,    0) (   0,    0) (  27,    3) (  45,   31)
          (  18,   38) (   0,   18) (   0,    0) (   0,    0) (  27,    3) (  45,   31) (  18,   38) (   0,   18) (   0,    0) (   0,    0)
          (  27,    3) (  45,   31) (  18,   38) (   0,   18) (   0,    0) (   0,    0) (  27,    3) (  45,   31) (  18,   38) (   0,   18)
          (   0,    0) (   0,    0) (  27,    3) (  45,   31) (  18,   38) (   0,   18) (   0,    0) (   0,    0) (  27,    3) (  45,   31)
          (  18,   38) (   0,   18) (   0,    0) (   0,    0) (  27,    3) (  45,   31) (  18,   38) (   0,   18) (   0,    0) (   0,    0)
          (  27,    3) (  45,   31) (  18,   38) (   0,   18) (   0,    0) (   0,    0) (  27,    3) (  45,   31) (  18,   38) (   0,   18)
          (   0,    0) (   0,    0) (  27,    3) (  45,   31) (  18,   38) (   0,   18) (   0,    0) (   0,    0) (  27,    3) (  45,   31)
          (  18,   38) (   0,   18) (   0,    0) (   0,    0) (  27,    3) (  45,   31) (  18,   38) (   0,   18) (   0,    0) (   0,    0)
          (  27,    3) (  45,   31) (  18,   38) (   0,   18) (   0,    0) (   0,    0) (  27,    3) (  45,   31) (  18,   38) (   0,   18)
          (   0,    0) (   0,    0) (  27,    3) (  45,   31) (  18,   38) (   0,   18) (   0,    0) (   0,    0) (  27,    3) (  45,   31)
          (  18,   38) (   0,   18) (   0,    0) (   0,    0) (  27,    3) (  45,   31) (  18,   38) (   0,   18) (   0,    0) (   0,    0)
          (  27,    3) (  45,   31) (  18,   38) (   0,   18) (   0,    0) (   0,    0) (  27,    3) (  45,   31) (  18,   38) (   0,   18)
          (   0,    0) (   0,    0) (  27,    3) (  45,   31) (  18,   38) (   0,   18) (   0,    0) (   0,    0) (  27,    3) (  45,   31)
          (  18,   38) (   0,   18) (   0,    0) (   0,    0) (  27,    3) (  45,   31) (  18,   38) (   0,   18) (   0,    0) (   0,    0)
          (  27,    3) (  45,   31) (  18,   38) (   0,   18) (   0,    0) (   0,    0) (  27,    3) (  45,   31) (  18,   38) (   0,   18)
          (   0,    0) (   0,    0) (  27,    3) (  45,   31) (  18,   38) (   0,   18) (   0,    0) (   0,    0) (  27,    3) (  45,   31)
          (  18,   38) (   0,   18) (   0,    0) (   0,    0) (  27,    3) (  45,   31) (  18,   38) (   0,   18) (   0,    0) (   0,    0)
          (  27,    3) (  45,   31) (  18,   38) (   0,   18) (   0,    0) (   0,    0) (  27,    3) (  45,   31) (  18,   38) (   0,   18)
          (   0,    0) (   0,    0) (  27,    3) (  45,   31) (  18,   38) (   0,   18) (   0,    0) (   0,    0) (  27,    3) (  45,   31)
         
node   9 sent_total  10294  recv_total  10236

node  10  (   0,    0) (   0,    0) (   1,    0) (   0,    0) (   0,    1) (   0,    0) (   0,    0) (   2,    1) (   0,    2) (   5,    3)
          (   9,    5) (   0,    3) (   0,    0) (  10,    1) (  30,   13) (  50,   34) (  20,   42) (   0,   20) (   0,    0) (  10,    1)
          (  30,   13) (  50,   34) (  20,   42) (   0,   20) (   0,    0) (  10,    1) (  30,   13) (  50,   34) (  20,   42) (   0,   20)
          (   0,    0) (  10,    1) (  30,   13) (  50,   34) (  20,   42) (   0,   20) (   0,    0) (  10,    1) (  30,   13) (  50,   34)
          (  20,   42) (   0,   20) (   0,    0) (  10,    1) (  30,   13) (  50,   34) (  20,   42) (   0,   20) (   0,    0) (  10,    1)
          (  30,   13) (  46,   34) (  20,   35) (   0,   19) (   0,    1) (   9,    1) (  20,   11) (  55,   30) (  18,   35) (   0,   22)
          (   0,    1) (   0,    0) (  28,   10) (  51,   28) (  18,   32) (   0,   21) (   0,    0) (   9,    1) (  26,   13) (  45,   28)
          (  19,   30) (   0,   23) (   0,    0) (   9,    1) (  28,   10) (  48,   30) (  17,   39) (   0,   18) (   0,    1) (   9,    1)
          (  18,    8) (  55,   29) (  17,   34) (   0,   23) (   0,    2) (   9,    1) (  25,   11) (  43,   31) (  20,   36) (   0,   19)
          (   0,    1) (  10,    1) (  29,   10) (  47,   31) (   9,   36) (  10,   20) (   0,    2) (   0,    0) (  38,    9) (  42,   30)
          (  18,   37) (   0,   18) (   0,    0) (   0,    0) (   9,    1) (  60,   20) (  16,   37) (   0,   19) (   0,    0) (   0,    0)
          (  18,    2) (  50,   23) (   8,   32) (   9,   16) (   0,    4) (   0,    0) (  25,    3) (  48,   25) (  20,   37) (   0,   16)
          (   0,    0) (   0,    0) (  18,    2) (  42,   22) (  25,   32) (   0,   22) (   0,    1) (   0,    0) (  26,    3) (  40,   25)
          (  18,   32) (   0,   20) (   0,    1) (   0,    0) (  25,    3) (  40,   25) (  17,   31) (   0,   18) (   0,    1) (   0,    0)
          (  24,    3) (  41,   24) (   8,   35) (   8,   14) (   0,    4) (   0,    0) (  27,    3) (  32,   25) (  23,   34) (   0,   18)
          (   0,    2) (   0,    0) (  25,    3) (  40,   25) (  18,   36) (   0,   19) (   0,    0) (   0,    0) (  17,    2) (  50,   23)
          (  15,   33) (   0,   20) (   0,    2) (   0,    0) (  26,    3) (  38,   30) (  17,   29) (   0,   18) (   0,    4) (   0,    0)
          (  24,    3) (  42,   25) (   7,   34) (   5,   16) (   0,    4) (   0,    0) (  17,    2) (  49,   26) (  17,   38) (   0,   20)
          (   0,    0) (   0,    0) (  24,    3) (  40,   25) (  17,   40) (   0,   16) (   0,    2) (   0,    0) (   9,    1) (  53,   21)
          (  15,   38) (   0,   17) (   0,    1) (   0,    0) (   8,    1) (  56,   26) (  16,   34) (   0,   20) (   0,    0) (   0,    0)
          (  26,    3) (  20,   22) (  30,   35) (   0,   19) (   0,    4) (   0,    0) (  25,    3) (  42,   25) (  17,   39) (   0,   17)
          (   0,    2) (   0,    0) (  21,    3) (  32,   26) (  24,   33) (   0,   13) (   0,    4) (   0,    0) (  23,    3) (  38,   28)
          (   9,   31) (   7,   21) (   0,    2) (   0,    0) (  17,    2) (  41,   23) (  22,   31) (   0,   22) (   0,    0) (   0,    0)
          (  24,    3) (  31,   25) (  27,   32) (   0,   19) (   0,    2) (   0,    0) (  17,    2) (  41,   25) (  24,   32) (   0,   21)
          (   0,    1) (   0,    0) (  23,    3) (  39,   28) (  15,   32) (   0,   16) (   0,    3) (   0,    0) (  26,    3) (  41,   26)
          (  18,   36) (   0,   17) (   0,    3) (   0,    0) (  26,    3) (  38,   28) (  16,   31) (   0,   16) (   0,    4) (   0,    0)
          (  21,    3) (  42,   25) (  18,   30) (   0,   22) (   0,    0) (   0,    0) (  22,    3) (  43,   24) (  16,   32) (   0,   18)
          (   0,    0) (   0,    0) (  24,    3) (  33,   27) (  24,   30) (   0,   22) (   0,    0) (   0,    0) (  25,    3) (  40,   27)
          (  18,   30) (   0,   20) (   0,    1) (   0,    0) (  23,    3) (  41,   30) (  18,   29) (   0,   19) (   0,    2) (   0,    0)
          (  25,    3) (  43,   28) (  17,   30) (   0,   19) (   0,    0) (   0,    0) (  27,    3) (  39,   27) (  16,   33) (   0,   18)
          (   0,    2) (   0,    0) (  27,    3) (  45,   31) (  18,   38) (   0,   18) (   0,    0) (   0,    0) (  27,    3) (  45,   31)
          (  18,   38) (   0,   18) (   0,    0) (   0,    0) (  27,    3) (  45,   31) (  18,   38) (   0,   18) (   0,    0) (   0,    0)
          (  27,    3) (  45,   31) (  18,   38) (   0,   18) (   0,    0) (   0,    0) (  27,    3) (  45,   31) (  18,   38) (   0,   18)
          (   0,    0) (   0,    0) (  27,    3) (  45,   31) (  18,   38) (   0,   18) (   0,    0) (   0,    0) (  27,    3) (  45,   31)
          (  18,   38) (   0,   18) (   0,    0) (   0,    0) (  27,    3) (  45,   31) (  18,   38) (   0,   18) (   0,    0) (   0,    0)
          (  27,    3) (  45,   31) (  18,   38) (   0,   18) (   0,    0) (   0,    0) (  27,    3) (  45,   31) (  18,   38) (   0,   18)
          (   0,    0) (   0,    0) (  27,    3) (  45,   31) (  18,   38) (   0,   18) (   0,    0) (   0,    0) (  27,    3) (  45,   31)
          (  18,   38) (   0,   18) (   0,    0) (   0,    0) (  27,    3) (  45,   31) (  18,   38) (   0,   18) (   0,    0) (   0,    0)
          (  27,    3) (  45,   31) (  18,   38) (   0,   18) (   0,    0) (   0,    0) (  27,    3) (  45,   31) (  18,   38) (   0,   18)
          (   0,    0) (   0,    0) (  27,    3) (  45,   31) (  18,   38) (   0,   18) (   0,    0) (   0,    0) (  27,    3) (  45,   31)
          (  18,   38) (   0,   18) (   0,    0) (   0,    0) (  27,    3) (  45,   31) (  18,   38) (   0,   18) (   0,    0) (   0,    0)
          (  27,    3) (  45,   31) (  18,   38) (   0,   18) (   0,    0) (   0,    0) (  27,    3) (  45,   31) (  18,   38) (   0,   18)
          (   0,    0) (   0,    0) (  27,    3) (  45,   31) (  18,   38) (   0,   18) (   0,    0) (   0,    0) (  27,    3) (  45,   31)
          (  18,   38) (   0,   18) (   0,    0) (   0,    0) (  27,    3) (  45,   31) (  18,   38) (   0,   18) (   0,    0) (   0,    0)
          (  27,    3) (  45,   31) (  18,   38) (   0,   18) (   0,    0) (   0,    0) (  27,    3) (  45,   31) (  18,   38) (   0,   18)
          (   0,    0) (   0,    0) (  27,    3) (  45,   31) (  18,   38) (   0,   18) (   0,    0) (   0,    0) (  27,    3) (  45,   31)
          (  18,   38) (   0,   18) (   0,    0) (   0,    0) (  27,    3) (  45,   31) (  18,   38) (   0,   18) (   0,    0) (   0,    0)
          (  27,    3) (  45,   31) (  18,   38) (   0,   18) (   0,    0) (   0,    0) (  27,    3) (  45,   31) (  18,   38) (   0,   18)
          (   0,    0) (   0,    0) (  27,    3) (  45,   31) (  18,   38) (   0,   18) (   0,    0) (   0,    0) (  27,    3) (  45,   31)
          (  18,   38) (   0,   18) (   0,    0) (   0,    0) (  27,    3) (  45,   31) (  18,   38) (   0,   18) (   0,    0) (   0,    0)
          (  27,    3) (  45,   31) (  18,   38) (   0,   18) (   0,    0) (   0,    0) (  27,    3) (  45,   31) (  18,   38) (   0,   18)
          (   0,    0) (   0,    0) (  27,    3) (  45,   31) (  18,   38) (   0,   18) (   0,    0) (   0,    0) (  27,    3) (  45,   31)
          (  18,   38) (   0,   18) (   0,    0) (   0,    0) (  27,    3) (  45,   31) (  18,   38) (   0,   18) (   0,    0) (   0,    0)
          (  27,    3) (  45,   31) (  18,   38) (   0,   18) (   0,    0) (   0,    0) (  27,    3) (  45,   31) (  18,   38) (   0,   18)
          (   0,    0) (   0,    0) (  27,    3) (  45,   31) (  18,   38) (   0,   18) (   0,    0) (   0,    0) (  27,    3) (  45,   31)
          (  18,   38) (   0,   18) (   0,    0) (   0,    0) (  27,    3) (  45,   31) (  18,   38) (   0,   18) (   0,    0) (   0,    0)
          (  27,    3) (  45,   31) (  18,   38) (   0,   18) (   0,    0) (   0,    0) (  27,    3) (  45,   31) (  18,   38) (   0,   18)
          (   0,    0) (   0,    0) (  27,    3) (  45,   31) (  18,   38) (   0,   18) (   0,    0) (   0,    0) (  27,    3) (  45,   31)
          (  18,   38) (   0,   18) (   0,    0) (   0,    0) (  27,    3) (  45,   31) (  18,   38) (   0,   18) (   0,    0) (   0,    0)
          (  27,    3) (  45,   31) (  18,   38) (   0,   18) (   0,    0) (   0,    0) (  27,    3) (  45,   31) (  18,   38) (   0,   18)
          (   0,    0) (   0,    0) (  27,    3) (  45,   31) (  18,   38) (   0,   18) (   0,    0) (   0,    0) (  27,    3) (  45,   31)
          (  18,   38) (   0,   18) (   0,    0) (   0,    0) (  27,    3) (  45,   31) (  18,   38) (   0,   18) (   0,    0) (   0,    0)
          (  27,    3) (  45,   31) (  18,   38) (   0,   18) (   0,    0) (   0,    0) (  27,    3) (  45,   31) (  18,   38) (   0,   18)
          (   0,    0) (   0,    0) (  27,    3) (  45,   31) (  18,   38) (   0,   18) (   0,    0) (   0,    0) (  27,    3) (  45,   31)
          (  18,   38) (   0,   18) (   0,    0) (   0,    0) (  27,    3) (  45,   31) (  18,   38) (   0,   18) (   0,    0) (   0,    0)
          (  27,    3) (  45,   31) (  18,   38) (   0,   18) (   0,    0) (   0,    0) (  27,    3) (  45,   31) (  18,   38) (   0,   18)
          (   0,    0) (   0,    0) (  27,    3) (  45,   31) (  18,   38) (   0,   18) (   0,    0) (   0,    0) (  27,    3) (  45,   31)
          (  18,   38) (   0,   18) (   0,    0) (   0,    0) (  27,    3) (  45,   31) (  18,   38) (   0,   18) (   0,    0) (   0,    0)
          (  27,    3) (  45,   31) (  18,   38) (   0,   18) (   0,    0) (   0,    0) (  27,    3) (  45,   31) (  18,   38) (   0,   18)
          (   0,    0) (   0,    0) (  27,    3) (  45,   31) (  18,   38) (   0,   18) (   0,    0) (   0,    0) (  27,    3) (  45,   31)
         
node  10 sent_total  10291  recv_total  10210

